#
# There is insufficient memory for the Java Runtime Environment to continue.
# Native memory allocation (malloc) failed to allocate 18446744073709486128 bytes for Arena::Amalloc
# Possible reasons:
#   The system is out of physical RAM or swap space
#   The process is running with CompressedOops enabled, and the Java Heap may be blocking the growth of the native heap
# Possible solutions:
#   Reduce memory load on the system
#   Increase physical memory or swap space
#   Check if swap backing store is full
#   Decrease Java heap size (-Xmx/-Xms)
#   Decrease number of Java threads
#   Decrease Java thread stack sizes (-Xss)
#   Set larger code cache with -XX:ReservedCodeCacheSize=
#   JVM is running with Zero Based Compressed Oops mode in which the Java heap is
#     placed in the first 32GB address space. The Java Heap base address is the
#     maximum limit for the native heap growth. Please use -XX:HeapBaseMinAddress
#     to set the Java Heap base and to place the Java Heap above 32GB virtual address.
# This output file may be truncated or incomplete.
#
#  Out of Memory Error (arena.cpp:347), pid=24595, tid=31031
#
# JRE version: Java(TM) SE Runtime Environment (11.0.2+9) (build 11.0.2+9-LTS)
# Java VM: Java HotSpot(TM) 64-Bit Server VM (11.0.2+9-LTS, mixed mode, tiered, compressed oops, g1 gc, bsd-amd64)
# No core dump will be written. Core dumps have been disabled. To enable core dumping, try "ulimit -c unlimited" before starting Java again
#

---------------  S U M M A R Y ------------

Command Line: --add-opens=java.base/java.util=ALL-UNNAMED --add-opens=java.base/java.lang=ALL-UNNAMED --add-opens=java.base/java.lang.invoke=ALL-UNNAMED --add-opens=java.prefs/java.util.prefs=ALL-UNNAMED -XX:MaxMetaspaceSize=256m -XX:+HeapDumpOnOutOfMemoryError -Xms256m -Xmx512m -Dfile.encoding=UTF-8 -Duser.country=GB -Duser.language=en -Duser.variant org.gradle.launcher.daemon.bootstrap.GradleDaemon 5.6.1

Host: MacBookAir6,2 x86_64 1700 MHz, 4 cores, 8G, Darwin 18.6.0
Time: Sat Sep  7 17:29:45 2019 EEST elapsed time: 72 seconds (0d 0h 1m 12s)

---------------  T H R E A D  ---------------

Current thread (0x00007ffcd3731000):  JavaThread "C2 CompilerThread1" daemon [_thread_in_native, id=31031, stack(0x000070000fb21000,0x000070000fc21000)]


Current CompileTask:
C2:  72421 7754       4       groovy.lang.MetaClassImpl::addMetaMethodToIndex (65 bytes)

Stack: [0x000070000fb21000,0x000070000fc21000],  sp=0x000070000fc1d430,  free space=1009k
Native frames: (J=compiled Java code, A=aot compiled Java code, j=interpreted, Vv=VM code, C=native code)
V  [libjvm.dylib+0x73f305]  VMError::report_and_die(int, char const*, char const*, __va_list_tag*, Thread*, unsigned char*, void*, void*, char const*, int, unsigned long)+0x5d1
V  [libjvm.dylib+0x73f9df]  VMError::report_and_die(Thread*, char const*, int, unsigned long, VMErrorType, char const*, __va_list_tag*)+0x43
V  [libjvm.dylib+0x264d4e]  report_vm_out_of_memory(char const*, int, unsigned long, VMErrorType, char const*, ...)+0xa3
V  [libjvm.dylib+0xe8b99]  Arena::signal_out_of_memory(unsigned long, char const*) const+0x29
V  [libjvm.dylib+0x51458b]  Arena::check_for_overflow(unsigned long, char const*, AllocFailStrategy::AllocFailEnum) const+0x5b
V  [libjvm.dylib+0x5144bf]  Arena::Amalloc(unsigned long, AllocFailStrategy::AllocFailEnum)+0x4f
V  [libjvm.dylib+0x436403]  GrowableArray<ScopeValue*>::GrowableArray(int, bool, MemoryType)+0x27
V  [libjvm.dylib+0x5fe61a]  Compile::Process_OopMap_Node(MachNode*, int)+0x214
V  [libjvm.dylib+0x5fcc8f]  Compile::fill_buffer(CodeBuffer*, unsigned int*)+0x819
V  [libjvm.dylib+0x221c39]  Compile::Code_Gen()+0x429
V  [libjvm.dylib+0x21fc4c]  Compile::Compile(ciEnv*, C2Compiler*, ciMethod*, int, bool, bool, bool, DirectiveSet*)+0x8d2
V  [libjvm.dylib+0x19e65b]  C2Compiler::compile_method(ciEnv*, ciMethod*, int, DirectiveSet*)+0xad
V  [libjvm.dylib+0x22c0d8]  CompileBroker::invoke_compiler_on_method(CompileTask*)+0x578
V  [libjvm.dylib+0x22b9ef]  CompileBroker::compiler_thread_loop()+0x1ab
V  [libjvm.dylib+0x6ede46]  JavaThread::thread_main_inner()+0x82
V  [libjvm.dylib+0x6edc91]  JavaThread::run()+0x1ab
V  [libjvm.dylib+0x5f0da3]  thread_native_entry(Thread*)+0x135
C  [libsystem_pthread.dylib+0x32eb]  _pthread_body+0x7e
C  [libsystem_pthread.dylib+0x6249]  _pthread_start+0x42
C  [libsystem_pthread.dylib+0x240d]  thread_start+0xd


---------------  P R O C E S S  ---------------

Threads class SMR info:
_java_thread_list=0x00007ffcc557dc40, length=31, elements={
0x00007ffcd6007000, 0x00007ffcd584d800, 0x00007ffcd5852800, 0x00007ffcd5855000,
0x00007ffcd5856000, 0x00007ffcd5859800, 0x00007ffcd585a800, 0x00007ffcd616f000,
0x00007ffcd58ab000, 0x00007ffcd5b44000, 0x00007ffcd5a4f800, 0x00007ffcd5d38800,
0x00007ffcd5c3a800, 0x00007ffcd6461000, 0x00007ffcd6a56000, 0x00007ffcd64bd800,
0x00007ffcd7b2e000, 0x00007ffcd7b79800, 0x00007ffcd5d66000, 0x00007ffcd5caa000,
0x00007ffcd5cab000, 0x00007ffcd5de0800, 0x00007ffcd8f83000, 0x00007ffcd94ff800,
0x00007ffcd8f80000, 0x00007ffcd8e1c000, 0x00007ffcd8e1f000, 0x00007ffcd6e80800,
0x00007ffcd7d81000, 0x00007ffccefc0800, 0x00007ffcd3731000
}

Java Threads: ( => current thread )
  0x00007ffcd6007000 JavaThread "main" [_thread_blocked, id=7427, stack(0x000070000d9be000,0x000070000dabe000)]
  0x00007ffcd584d800 JavaThread "Reference Handler" daemon [_thread_blocked, id=19459, stack(0x000070000e0d3000,0x000070000e1d3000)]
  0x00007ffcd5852800 JavaThread "Finalizer" daemon [_thread_blocked, id=19203, stack(0x000070000e1d6000,0x000070000e2d6000)]
  0x00007ffcd5855000 JavaThread "Signal Dispatcher" daemon [_thread_blocked, id=16643, stack(0x000070000e2d9000,0x000070000e3d9000)]
  0x00007ffcd5856000 JavaThread "C2 CompilerThread0" daemon [_thread_in_native, id=17411, stack(0x000070000e3dc000,0x000070000e4dc000)]
  0x00007ffcd5859800 JavaThread "C1 CompilerThread0" daemon [_thread_blocked, id=17923, stack(0x000070000e4df000,0x000070000e5df000)]
  0x00007ffcd585a800 JavaThread "Sweeper thread" daemon [_thread_blocked, id=22275, stack(0x000070000e5e2000,0x000070000e6e2000)]
  0x00007ffcd616f000 JavaThread "Common-Cleaner" daemon [_thread_blocked, id=22787, stack(0x000070000e6e5000,0x000070000e7e5000)]
  0x00007ffcd58ab000 JavaThread "Service Thread" daemon [_thread_blocked, id=23299, stack(0x000070000e7e8000,0x000070000e8e8000)]
  0x00007ffcd5b44000 JavaThread "Daemon health stats" [_thread_blocked, id=25603, stack(0x000070000edfa000,0x000070000eefa000)]
  0x00007ffcd5a4f800 JavaThread "Incoming local TCP Connector on port 51786" [_thread_in_native, id=26115, stack(0x000070000eefd000,0x000070000effd000)]
  0x00007ffcd5d38800 JavaThread "Daemon periodic checks" [_thread_blocked, id=40963, stack(0x000070000f000000,0x000070000f100000)]
  0x00007ffcd5c3a800 JavaThread "Daemon" [_thread_blocked, id=26883, stack(0x000070000f103000,0x000070000f203000)]
  0x00007ffcd6461000 JavaThread "Handler for socket connection from /127.0.0.1:51786 to /127.0.0.1:51787" [_thread_in_native, id=24071, stack(0x000070000e9ee000,0x000070000eaee000)]
  0x00007ffcd6a56000 JavaThread "Cancel handler" [_thread_blocked, id=40195, stack(0x000070000f206000,0x000070000f306000)]
  0x00007ffcd64bd800 JavaThread "Daemon worker" [_thread_blocked, id=39427, stack(0x000070000f309000,0x000070000f409000)]
  0x00007ffcd7b2e000 JavaThread "Asynchronous log dispatcher for DefaultDaemonConnection: socket connection from /127.0.0.1:51786 to /127.0.0.1:51787" [_thread_blocked, id=38915, stack(0x000070000f40c000,0x000070000f50c000)]
  0x00007ffcd7b79800 JavaThread "Thread-8" [_thread_blocked, id=28419, stack(0x000070000f612000,0x000070000f712000)]
  0x00007ffcd5d66000 JavaThread "Cache worker for file hash cache (/Users/sigridnarep/.gradle/caches/5.6.1/fileHashes)" [_thread_blocked, id=37891, stack(0x000070000f715000,0x000070000f815000)]
  0x00007ffcd5caa000 JavaThread "File lock request listener" [_thread_in_native, id=37635, stack(0x000070000f818000,0x000070000f918000)]
  0x00007ffcd5cab000 JavaThread "Cache worker for journal cache (/Users/sigridnarep/.gradle/caches/journal-1)" [_thread_blocked, id=36867, stack(0x000070000f91b000,0x000070000fa1b000)]
  0x00007ffcd5de0800 JavaThread "Cache worker for file hash cache (/Users/sigridnarep/Documents/UniOfTechnology/VeebirakendusedJavaBaasil/icd0011/.gradle/5.6.1/fileHashes)" [_thread_blocked, id=29955, stack(0x000070000fa1e000,0x000070000fb1e000)]
  0x00007ffcd8f83000 JavaThread "Cache worker for cache directory md-supplier (/Users/sigridnarep/.gradle/caches/5.6.1/md-supplier)" [_thread_blocked, id=36611, stack(0x000070000fc24000,0x000070000fd24000)]
  0x00007ffcd94ff800 JavaThread "Cache worker for cache directory md-rule (/Users/sigridnarep/.gradle/caches/5.6.1/md-rule)" [_thread_blocked, id=32003, stack(0x000070000fd27000,0x000070000fe27000)]
  0x00007ffcd8f80000 JavaThread "Cache worker for execution history cache (/Users/sigridnarep/.gradle/caches/5.6.1/executionHistory)" [_thread_blocked, id=32515, stack(0x000070000fe2a000,0x000070000ff2a000)]
  0x00007ffcd8e1c000 JavaThread "Build operations" [_thread_in_native, id=33027, stack(0x0000700010236000,0x0000700010336000)]
  0x00007ffcd8e1f000 JavaThread "Build operations Thread 2" [_thread_blocked, id=33539, stack(0x0000700010339000,0x0000700010439000)]
  0x00007ffcd6e80800 JavaThread "Build operations Thread 3" [_thread_blocked, id=43523, stack(0x000070001043c000,0x000070001053c000)]
  0x00007ffcd7d81000 JavaThread "Build operations Thread 4" [_thread_in_native, id=44035, stack(0x000070001053f000,0x000070001063f000)]
  0x00007ffccefc0800 JavaThread "Cache worker for Build Output Cleanup Cache (/Users/sigridnarep/Documents/UniOfTechnology/VeebirakendusedJavaBaasil/icd0011/.gradle/buildOutputCleanup)" [_thread_blocked, id=28167, stack(0x000070000f50f000,0x000070000f60f000)]
=>0x00007ffcd3731000 JavaThread "C2 CompilerThread1" daemon [_thread_in_native, id=31031, stack(0x000070000fb21000,0x000070000fc21000)]

Other Threads:
  0x00007ffcd60d9800 VMThread "VM Thread" [stack: 0x000070000dfd0000,0x000070000e0d0000] [id=13827]
  0x00007ffcd687f000 WatcherThread [stack: 0x000070000e8eb000,0x000070000e9eb000] [id=42499]
  0x00007ffcd6013800 GCTaskThread "GC Thread#0" [stack: 0x000070000dac1000,0x000070000dbc1000] [id=12291]
  0x00007ffcd58d4000 GCTaskThread "GC Thread#1" [stack: 0x000070000eaf1000,0x000070000ebf1000] [id=24323]
  0x00007ffcd6370800 GCTaskThread "GC Thread#2" [stack: 0x000070000ebf4000,0x000070000ecf4000] [id=24835]
  0x00007ffcd6352000 GCTaskThread "GC Thread#3" [stack: 0x000070000ecf7000,0x000070000edf7000] [id=25347]
  0x00007ffcd6020800 ConcurrentGCThread "G1 Main Marker" [stack: 0x000070000dbc4000,0x000070000dcc4000] [id=12803]
  0x00007ffcd6021800 ConcurrentGCThread "G1 Conc#0" [stack: 0x000070000dcc7000,0x000070000ddc7000] [id=13059]
  0x00007ffcd60b2000 ConcurrentGCThread "G1 Refine#0" [stack: 0x000070000ddca000,0x000070000deca000] [id=13315]
  0x00007ffcd7b4e800 ConcurrentGCThread "G1 Refine#1" [stack: 0x000070000ff2d000,0x000070001002d000] [id=30471]
  0x00007ffcc8ff7000 ConcurrentGCThread "G1 Refine#2" [stack: 0x0000700010030000,0x0000700010130000] [id=35587]
  0x00007ffcdb7f7000 ConcurrentGCThread "G1 Refine#3" [stack: 0x0000700010133000,0x0000700010233000] [id=35331]
  0x00007ffcd580b800 ConcurrentGCThread "G1 Young RemSet Sampling" [stack: 0x000070000decd000,0x000070000dfcd000] [id=19971]

Threads with active compile tasks:
C2 CompilerThread08266       4       java.util.AbstractCollection::addAll (42 bytes)
C2 CompilerThread17754       4       groovy.lang.MetaClassImpl::addMetaMethodToIndex (65 bytes)

VM state:not at safepoint (normal execution)

VM Mutex/Monitor currently owned by a thread: None

Heap address: 0x00000007e0000000, size: 512 MB, Compressed Oops mode: Zero based, Oop shift amount: 3
Narrow klass base: 0x0000000800000000, Narrow klass shift: 0
Compressed class space size: 260046848 Address: 0x0000000800000000

Heap:
 garbage-first heap   total 262144K, used 156991K [0x00000007e0000000, 0x0000000800000000)
  region size 1024K, 91 young (93184K), 16 survivors (16384K)
 Metaspace       used 64513K, capacity 66041K, committed 66300K, reserved 313344K
  class space    used 8157K, capacity 8629K, committed 8700K, reserved 253952K
Heap Regions: E=young(eden), S=young(survivor), O=old, HS=humongous(starts), HC=humongous(continues), CS=collection set, F=free, A=archive, TAMS=top-at-mark-start (previous, next)
|   0|0x00000007e0000000, 0x00000007e0100000, 0x00000007e0100000|100%| O|  |TAMS 0x00000007e0100000, 0x00000007e0000000| Untracked 
|   1|0x00000007e0100000, 0x00000007e0200000, 0x00000007e0200000|100%| O|  |TAMS 0x00000007e0200000, 0x00000007e0100000| Untracked 
|   2|0x00000007e0200000, 0x00000007e0300000, 0x00000007e0300000|100%| O|  |TAMS 0x00000007e0300000, 0x00000007e0200000| Untracked 
|   3|0x00000007e0300000, 0x00000007e0400000, 0x00000007e0400000|100%|HS|  |TAMS 0x00000007e0400000, 0x00000007e0300000| Complete 
|   4|0x00000007e0400000, 0x00000007e0500000, 0x00000007e0500000|100%|HC|  |TAMS 0x00000007e0500000, 0x00000007e0400000| Complete 
|   5|0x00000007e0500000, 0x00000007e0600000, 0x00000007e0600000|100%|HC|  |TAMS 0x00000007e0600000, 0x00000007e0500000| Complete 
|   6|0x00000007e0600000, 0x00000007e0700000, 0x00000007e0700000|100%| O|  |TAMS 0x00000007e0700000, 0x00000007e0600000| Untracked 
|   7|0x00000007e0700000, 0x00000007e0800000, 0x00000007e0800000|100%| O|  |TAMS 0x00000007e0800000, 0x00000007e0700000| Untracked 
|   8|0x00000007e0800000, 0x00000007e0900000, 0x00000007e0900000|100%| O|  |TAMS 0x00000007e0900000, 0x00000007e0800000| Untracked 
|   9|0x00000007e0900000, 0x00000007e0a00000, 0x00000007e0a00000|100%| O|  |TAMS 0x00000007e0a00000, 0x00000007e0900000| Untracked 
|  10|0x00000007e0a00000, 0x00000007e0b00000, 0x00000007e0b00000|100%| O|  |TAMS 0x00000007e0b00000, 0x00000007e0a00000| Untracked 
|  11|0x00000007e0b00000, 0x00000007e0c00000, 0x00000007e0c00000|100%| O|  |TAMS 0x00000007e0c00000, 0x00000007e0b00000| Untracked 
|  12|0x00000007e0c00000, 0x00000007e0d00000, 0x00000007e0d00000|100%| O|  |TAMS 0x00000007e0d00000, 0x00000007e0c00000| Untracked 
|  13|0x00000007e0d00000, 0x00000007e0e00000, 0x00000007e0e00000|100%| O|  |TAMS 0x00000007e0e00000, 0x00000007e0d00000| Untracked 
|  14|0x00000007e0e00000, 0x00000007e0f00000, 0x00000007e0f00000|100%|HS|  |TAMS 0x00000007e0f00000, 0x00000007e0e00000| Complete 
|  15|0x00000007e0f00000, 0x00000007e1000000, 0x00000007e1000000|100%|HC|  |TAMS 0x00000007e1000000, 0x00000007e0f00000| Complete 
|  16|0x00000007e1000000, 0x00000007e1100000, 0x00000007e1100000|100%|HS|  |TAMS 0x00000007e1100000, 0x00000007e1000000| Complete 
|  17|0x00000007e1100000, 0x00000007e1200000, 0x00000007e1200000|100%|HC|  |TAMS 0x00000007e1200000, 0x00000007e1100000| Complete 
|  18|0x00000007e1200000, 0x00000007e1300000, 0x00000007e1300000|100%|HC|  |TAMS 0x00000007e1300000, 0x00000007e1200000| Complete 
|  19|0x00000007e1300000, 0x00000007e1400000, 0x00000007e1400000|100%|HS|  |TAMS 0x00000007e1400000, 0x00000007e1300000| Complete 
|  20|0x00000007e1400000, 0x00000007e1500000, 0x00000007e1500000|100%|HC|  |TAMS 0x00000007e1500000, 0x00000007e1400000| Complete 
|  21|0x00000007e1500000, 0x00000007e1600000, 0x00000007e1600000|100%|HC|  |TAMS 0x00000007e1600000, 0x00000007e1500000| Complete 
|  22|0x00000007e1600000, 0x00000007e1700000, 0x00000007e1700000|100%| O|  |TAMS 0x00000007e1700000, 0x00000007e1600000| Untracked 
|  23|0x00000007e1700000, 0x00000007e1800000, 0x00000007e1800000|100%| O|  |TAMS 0x00000007e1800000, 0x00000007e1700000| Untracked 
|  24|0x00000007e1800000, 0x00000007e1900000, 0x00000007e1900000|100%| O|  |TAMS 0x00000007e1900000, 0x00000007e1800000| Untracked 
|  25|0x00000007e1900000, 0x00000007e1a00000, 0x00000007e1a00000|100%| O|  |TAMS 0x00000007e1a00000, 0x00000007e1900000| Untracked 
|  26|0x00000007e1a00000, 0x00000007e1b00000, 0x00000007e1b00000|100%| O|  |TAMS 0x00000007e1b00000, 0x00000007e1a00000| Untracked 
|  27|0x00000007e1b00000, 0x00000007e1c00000, 0x00000007e1c00000|100%| O|  |TAMS 0x00000007e1c00000, 0x00000007e1b00000| Untracked 
|  28|0x00000007e1c00000, 0x00000007e1d00000, 0x00000007e1d00000|100%| O|  |TAMS 0x00000007e1c00000, 0x00000007e1c00000| Untracked 
|  29|0x00000007e1d00000, 0x00000007e1e00000, 0x00000007e1e00000|100%| O|  |TAMS 0x00000007e1d00000, 0x00000007e1d00000| Untracked 
|  30|0x00000007e1e00000, 0x00000007e1f00000, 0x00000007e1f00000|100%| O|  |TAMS 0x00000007e1e00000, 0x00000007e1e00000| Untracked 
|  31|0x00000007e1f00000, 0x00000007e2000000, 0x00000007e2000000|100%| O|  |TAMS 0x00000007e1f00000, 0x00000007e1f00000| Untracked 
|  32|0x00000007e2000000, 0x00000007e2100000, 0x00000007e2100000|100%| O|  |TAMS 0x00000007e2000000, 0x00000007e2000000| Untracked 
|  33|0x00000007e2100000, 0x00000007e2200000, 0x00000007e2200000|100%| O|  |TAMS 0x00000007e2100000, 0x00000007e2100000| Untracked 
|  34|0x00000007e2200000, 0x00000007e2300000, 0x00000007e2300000|100%| O|  |TAMS 0x00000007e2200000, 0x00000007e2200000| Untracked 
|  35|0x00000007e2300000, 0x00000007e2400000, 0x00000007e2400000|100%| O|  |TAMS 0x00000007e2300000, 0x00000007e2300000| Untracked 
|  36|0x00000007e2400000, 0x00000007e2500000, 0x00000007e2500000|100%| O|  |TAMS 0x00000007e2400000, 0x00000007e2400000| Untracked 
|  37|0x00000007e2500000, 0x00000007e2600000, 0x00000007e2600000|100%| O|  |TAMS 0x00000007e2500000, 0x00000007e2500000| Untracked 
|  38|0x00000007e2600000, 0x00000007e2700000, 0x00000007e2700000|100%| O|  |TAMS 0x00000007e2600000, 0x00000007e2600000| Untracked 
|  39|0x00000007e2700000, 0x00000007e2800000, 0x00000007e2800000|100%| O|  |TAMS 0x00000007e2700000, 0x00000007e2700000| Untracked 
|  40|0x00000007e2800000, 0x00000007e2900000, 0x00000007e2900000|100%| O|  |TAMS 0x00000007e2800000, 0x00000007e2800000| Untracked 
|  41|0x00000007e2900000, 0x00000007e2a00000, 0x00000007e2a00000|100%| O|  |TAMS 0x00000007e2900000, 0x00000007e2900000| Untracked 
|  42|0x00000007e2a00000, 0x00000007e2b00000, 0x00000007e2b00000|100%| O|  |TAMS 0x00000007e2a00000, 0x00000007e2a00000| Untracked 
|  43|0x00000007e2b00000, 0x00000007e2c00000, 0x00000007e2c00000|100%| O|  |TAMS 0x00000007e2b00000, 0x00000007e2b00000| Untracked 
|  44|0x00000007e2c00000, 0x00000007e2d00000, 0x00000007e2d00000|100%| O|  |TAMS 0x00000007e2c00000, 0x00000007e2c00000| Untracked 
|  45|0x00000007e2d00000, 0x00000007e2e00000, 0x00000007e2e00000|100%| O|  |TAMS 0x00000007e2d00000, 0x00000007e2d00000| Untracked 
|  46|0x00000007e2e00000, 0x00000007e2f00000, 0x00000007e2f00000|100%| O|  |TAMS 0x00000007e2e00000, 0x00000007e2e00000| Untracked 
|  47|0x00000007e2f00000, 0x00000007e3000000, 0x00000007e3000000|100%| O|  |TAMS 0x00000007e2f00000, 0x00000007e2f00000| Untracked 
|  48|0x00000007e3000000, 0x00000007e3100000, 0x00000007e3100000|100%| O|  |TAMS 0x00000007e3100000, 0x00000007e3000000| Untracked 
|  49|0x00000007e3100000, 0x00000007e3200000, 0x00000007e3200000|100%| O|  |TAMS 0x00000007e3200000, 0x00000007e3100000| Untracked 
|  50|0x00000007e3200000, 0x00000007e3300000, 0x00000007e3300000|100%| O|  |TAMS 0x00000007e3300000, 0x00000007e3200000| Untracked 
|  51|0x00000007e3300000, 0x00000007e3400000, 0x00000007e3400000|100%| O|  |TAMS 0x00000007e3400000, 0x00000007e3300000| Untracked 
|  52|0x00000007e3400000, 0x00000007e344fe00, 0x00000007e3500000| 31%| O|  |TAMS 0x00000007e3400000, 0x00000007e3400000| Untracked 
|  53|0x00000007e3500000, 0x00000007e3500000, 0x00000007e3600000|  0%| F|  |TAMS 0x00000007e3500000, 0x00000007e3500000| Untracked 
|  54|0x00000007e3600000, 0x00000007e3600000, 0x00000007e3700000|  0%| F|  |TAMS 0x00000007e3600000, 0x00000007e3600000| Untracked 
|  55|0x00000007e3700000, 0x00000007e3700000, 0x00000007e3800000|  0%| F|  |TAMS 0x00000007e3700000, 0x00000007e3700000| Untracked 
|  56|0x00000007e3800000, 0x00000007e3800000, 0x00000007e3900000|  0%| F|  |TAMS 0x00000007e3800000, 0x00000007e3800000| Untracked 
|  57|0x00000007e3900000, 0x00000007e3a00000, 0x00000007e3a00000|100%| O|  |TAMS 0x00000007e3a00000, 0x00000007e3900000| Untracked 
|  58|0x00000007e3a00000, 0x00000007e3a00000, 0x00000007e3b00000|  0%| F|  |TAMS 0x00000007e3a00000, 0x00000007e3a00000| Untracked 
|  59|0x00000007e3b00000, 0x00000007e3b00000, 0x00000007e3c00000|  0%| F|  |TAMS 0x00000007e3b00000, 0x00000007e3b00000| Untracked 
|  60|0x00000007e3c00000, 0x00000007e3d00000, 0x00000007e3d00000|100%| O|  |TAMS 0x00000007e3d00000, 0x00000007e3c00000| Untracked 
|  61|0x00000007e3d00000, 0x00000007e3e00000, 0x00000007e3e00000|100%| O|  |TAMS 0x00000007e3e00000, 0x00000007e3d00000| Untracked 
|  62|0x00000007e3e00000, 0x00000007e3f00000, 0x00000007e3f00000|100%| O|  |TAMS 0x00000007e3f00000, 0x00000007e3e00000| Untracked 
|  63|0x00000007e3f00000, 0x00000007e3f00000, 0x00000007e4000000|  0%| F|  |TAMS 0x00000007e3f00000, 0x00000007e3f00000| Untracked 
|  64|0x00000007e4000000, 0x00000007e4000000, 0x00000007e4100000|  0%| F|  |TAMS 0x00000007e4000000, 0x00000007e4000000| Untracked 
|  65|0x00000007e4100000, 0x00000007e4100000, 0x00000007e4200000|  0%| F|  |TAMS 0x00000007e4100000, 0x00000007e4100000| Untracked 
|  66|0x00000007e4200000, 0x00000007e4200000, 0x00000007e4300000|  0%| F|  |TAMS 0x00000007e4200000, 0x00000007e4200000| Untracked 
|  67|0x00000007e4300000, 0x00000007e4300000, 0x00000007e4400000|  0%| F|  |TAMS 0x00000007e4300000, 0x00000007e4300000| Untracked 
|  68|0x00000007e4400000, 0x00000007e4400000, 0x00000007e4500000|  0%| F|  |TAMS 0x00000007e4400000, 0x00000007e4400000| Untracked 
|  69|0x00000007e4500000, 0x00000007e4500000, 0x00000007e4600000|  0%| F|  |TAMS 0x00000007e4500000, 0x00000007e4500000| Untracked 
|  70|0x00000007e4600000, 0x00000007e4600000, 0x00000007e4700000|  0%| F|  |TAMS 0x00000007e4600000, 0x00000007e4600000| Untracked 
|  71|0x00000007e4700000, 0x00000007e4700000, 0x00000007e4800000|  0%| F|  |TAMS 0x00000007e4700000, 0x00000007e4700000| Untracked 
|  72|0x00000007e4800000, 0x00000007e4800000, 0x00000007e4900000|  0%| F|  |TAMS 0x00000007e4800000, 0x00000007e4800000| Untracked 
|  73|0x00000007e4900000, 0x00000007e4900000, 0x00000007e4a00000|  0%| F|  |TAMS 0x00000007e4900000, 0x00000007e4900000| Untracked 
|  74|0x00000007e4a00000, 0x00000007e4a00000, 0x00000007e4b00000|  0%| F|  |TAMS 0x00000007e4a00000, 0x00000007e4a00000| Untracked 
|  75|0x00000007e4b00000, 0x00000007e4b00000, 0x00000007e4c00000|  0%| F|  |TAMS 0x00000007e4b00000, 0x00000007e4b00000| Untracked 
|  76|0x00000007e4c00000, 0x00000007e4c00000, 0x00000007e4d00000|  0%| F|  |TAMS 0x00000007e4c00000, 0x00000007e4c00000| Untracked 
|  77|0x00000007e4d00000, 0x00000007e4d00000, 0x00000007e4e00000|  0%| F|  |TAMS 0x00000007e4d00000, 0x00000007e4d00000| Untracked 
|  78|0x00000007e4e00000, 0x00000007e4e00000, 0x00000007e4f00000|  0%| F|  |TAMS 0x00000007e4e00000, 0x00000007e4e00000| Untracked 
|  79|0x00000007e4f00000, 0x00000007e4f00000, 0x00000007e5000000|  0%| F|  |TAMS 0x00000007e4f00000, 0x00000007e4f00000| Untracked 
|  80|0x00000007e5000000, 0x00000007e5000000, 0x00000007e5100000|  0%| F|  |TAMS 0x00000007e5000000, 0x00000007e5000000| Untracked 
|  81|0x00000007e5100000, 0x00000007e5100000, 0x00000007e5200000|  0%| F|  |TAMS 0x00000007e5100000, 0x00000007e5100000| Untracked 
|  82|0x00000007e5200000, 0x00000007e5200000, 0x00000007e5300000|  0%| F|  |TAMS 0x00000007e5200000, 0x00000007e5200000| Untracked 
|  83|0x00000007e5300000, 0x00000007e5300000, 0x00000007e5400000|  0%| F|  |TAMS 0x00000007e5300000, 0x00000007e5300000| Untracked 
|  84|0x00000007e5400000, 0x00000007e5400000, 0x00000007e5500000|  0%| F|  |TAMS 0x00000007e5400000, 0x00000007e5400000| Untracked 
|  85|0x00000007e5500000, 0x00000007e5500000, 0x00000007e5600000|  0%| F|  |TAMS 0x00000007e5500000, 0x00000007e5500000| Untracked 
|  86|0x00000007e5600000, 0x00000007e5600000, 0x00000007e5700000|  0%| F|  |TAMS 0x00000007e5600000, 0x00000007e5600000| Untracked 
|  87|0x00000007e5700000, 0x00000007e5700000, 0x00000007e5800000|  0%| F|  |TAMS 0x00000007e5700000, 0x00000007e5700000| Untracked 
|  88|0x00000007e5800000, 0x00000007e5800000, 0x00000007e5900000|  0%| F|  |TAMS 0x00000007e5800000, 0x00000007e5800000| Untracked 
|  89|0x00000007e5900000, 0x00000007e5900000, 0x00000007e5a00000|  0%| F|  |TAMS 0x00000007e5900000, 0x00000007e5900000| Untracked 
|  90|0x00000007e5a00000, 0x00000007e5a00000, 0x00000007e5b00000|  0%| F|  |TAMS 0x00000007e5a00000, 0x00000007e5a00000| Untracked 
|  91|0x00000007e5b00000, 0x00000007e5b00000, 0x00000007e5c00000|  0%| F|  |TAMS 0x00000007e5b00000, 0x00000007e5b00000| Untracked 
|  92|0x00000007e5c00000, 0x00000007e5c00000, 0x00000007e5d00000|  0%| F|  |TAMS 0x00000007e5c00000, 0x00000007e5c00000| Untracked 
|  93|0x00000007e5d00000, 0x00000007e5d00000, 0x00000007e5e00000|  0%| F|  |TAMS 0x00000007e5d00000, 0x00000007e5d00000| Untracked 
|  94|0x00000007e5e00000, 0x00000007e5e00000, 0x00000007e5f00000|  0%| F|  |TAMS 0x00000007e5e00000, 0x00000007e5e00000| Untracked 
|  95|0x00000007e5f00000, 0x00000007e5f00000, 0x00000007e6000000|  0%| F|  |TAMS 0x00000007e5f00000, 0x00000007e5f00000| Untracked 
|  96|0x00000007e6000000, 0x00000007e6100000, 0x00000007e6100000|100%| O|  |TAMS 0x00000007e6100000, 0x00000007e6000000| Untracked 
|  97|0x00000007e6100000, 0x00000007e6200000, 0x00000007e6200000|100%| O|  |TAMS 0x00000007e6200000, 0x00000007e6100000| Untracked 
|  98|0x00000007e6200000, 0x00000007e6200000, 0x00000007e6300000|  0%| F|  |TAMS 0x00000007e6200000, 0x00000007e6200000| Untracked 
|  99|0x00000007e6300000, 0x00000007e6300000, 0x00000007e6400000|  0%| F|  |TAMS 0x00000007e6300000, 0x00000007e6300000| Untracked 
| 100|0x00000007e6400000, 0x00000007e6400000, 0x00000007e6500000|  0%| F|  |TAMS 0x00000007e6400000, 0x00000007e6400000| Untracked 
| 101|0x00000007e6500000, 0x00000007e6600000, 0x00000007e6600000|100%| O|  |TAMS 0x00000007e6600000, 0x00000007e6500000| Untracked 
| 102|0x00000007e6600000, 0x00000007e6600000, 0x00000007e6700000|  0%| F|  |TAMS 0x00000007e6600000, 0x00000007e6600000| Untracked 
| 103|0x00000007e6700000, 0x00000007e6700000, 0x00000007e6800000|  0%| F|  |TAMS 0x00000007e6700000, 0x00000007e6700000| Untracked 
| 104|0x00000007e6800000, 0x00000007e6800000, 0x00000007e6900000|  0%| F|  |TAMS 0x00000007e6800000, 0x00000007e6800000| Untracked 
| 105|0x00000007e6900000, 0x00000007e6900000, 0x00000007e6a00000|  0%| F|  |TAMS 0x00000007e6900000, 0x00000007e6900000| Untracked 
| 106|0x00000007e6a00000, 0x00000007e6a00000, 0x00000007e6b00000|  0%| F|  |TAMS 0x00000007e6a00000, 0x00000007e6a00000| Untracked 
| 107|0x00000007e6b00000, 0x00000007e6b00000, 0x00000007e6c00000|  0%| F|  |TAMS 0x00000007e6b00000, 0x00000007e6b00000| Untracked 
| 108|0x00000007e6c00000, 0x00000007e6d00000, 0x00000007e6d00000|100%| O|  |TAMS 0x00000007e6d00000, 0x00000007e6c00000| Untracked 
| 109|0x00000007e6d00000, 0x00000007e6e00000, 0x00000007e6e00000|100%| O|  |TAMS 0x00000007e6e00000, 0x00000007e6d00000| Untracked 
| 110|0x00000007e6e00000, 0x00000007e6e00000, 0x00000007e6f00000|  0%| F|  |TAMS 0x00000007e6e00000, 0x00000007e6e00000| Untracked 
| 111|0x00000007e6f00000, 0x00000007e7000000, 0x00000007e7000000|100%| O|  |TAMS 0x00000007e7000000, 0x00000007e6f00000| Untracked 
| 112|0x00000007e7000000, 0x00000007e7000000, 0x00000007e7100000|  0%| F|  |TAMS 0x00000007e7000000, 0x00000007e7000000| Untracked 
| 113|0x00000007e7100000, 0x00000007e7100000, 0x00000007e7200000|  0%| F|  |TAMS 0x00000007e7100000, 0x00000007e7100000| Untracked 
| 114|0x00000007e7200000, 0x00000007e7200000, 0x00000007e7300000|  0%| F|  |TAMS 0x00000007e7200000, 0x00000007e7200000| Untracked 
| 115|0x00000007e7300000, 0x00000007e7300000, 0x00000007e7400000|  0%| F|  |TAMS 0x00000007e7300000, 0x00000007e7300000| Untracked 
| 116|0x00000007e7400000, 0x00000007e7400000, 0x00000007e7500000|  0%| F|  |TAMS 0x00000007e7400000, 0x00000007e7400000| Untracked 
| 117|0x00000007e7500000, 0x00000007e7600000, 0x00000007e7600000|100%| S|CS|TAMS 0x00000007e7500000, 0x00000007e7500000| Complete 
| 118|0x00000007e7600000, 0x00000007e7700000, 0x00000007e7700000|100%| S|CS|TAMS 0x00000007e7600000, 0x00000007e7600000| Complete 
| 119|0x00000007e7700000, 0x00000007e7800000, 0x00000007e7800000|100%| S|CS|TAMS 0x00000007e7700000, 0x00000007e7700000| Complete 
| 120|0x00000007e7800000, 0x00000007e7900000, 0x00000007e7900000|100%| S|CS|TAMS 0x00000007e7800000, 0x00000007e7800000| Complete 
| 121|0x00000007e7900000, 0x00000007e7a00000, 0x00000007e7a00000|100%| O|  |TAMS 0x00000007e7a00000, 0x00000007e7900000| Untracked 
| 122|0x00000007e7a00000, 0x00000007e7b00000, 0x00000007e7b00000|100%| S|CS|TAMS 0x00000007e7a00000, 0x00000007e7a00000| Complete 
| 123|0x00000007e7b00000, 0x00000007e7c00000, 0x00000007e7c00000|100%| S|CS|TAMS 0x00000007e7b00000, 0x00000007e7b00000| Complete 
| 124|0x00000007e7c00000, 0x00000007e7d00000, 0x00000007e7d00000|100%| S|CS|TAMS 0x00000007e7c00000, 0x00000007e7c00000| Complete 
| 125|0x00000007e7d00000, 0x00000007e7e00000, 0x00000007e7e00000|100%| S|CS|TAMS 0x00000007e7d00000, 0x00000007e7d00000| Complete 
| 126|0x00000007e7e00000, 0x00000007e7f00000, 0x00000007e7f00000|100%| S|CS|TAMS 0x00000007e7e00000, 0x00000007e7e00000| Complete 
| 127|0x00000007e7f00000, 0x00000007e8000000, 0x00000007e8000000|100%| S|CS|TAMS 0x00000007e7f00000, 0x00000007e7f00000| Complete 
| 128|0x00000007e8000000, 0x00000007e8100000, 0x00000007e8100000|100%| S|CS|TAMS 0x00000007e8000000, 0x00000007e8000000| Complete 
| 129|0x00000007e8100000, 0x00000007e8200000, 0x00000007e8200000|100%| S|CS|TAMS 0x00000007e8100000, 0x00000007e8100000| Complete 
| 130|0x00000007e8200000, 0x00000007e8200000, 0x00000007e8300000|  0%| F|  |TAMS 0x00000007e8200000, 0x00000007e8200000| Untracked 
| 131|0x00000007e8300000, 0x00000007e8300000, 0x00000007e8400000|  0%| F|  |TAMS 0x00000007e8300000, 0x00000007e8300000| Untracked 
| 132|0x00000007e8400000, 0x00000007e8400000, 0x00000007e8500000|  0%| F|  |TAMS 0x00000007e8400000, 0x00000007e8400000| Untracked 
| 133|0x00000007e8500000, 0x00000007e8500000, 0x00000007e8600000|  0%| F|  |TAMS 0x00000007e8500000, 0x00000007e8500000| Untracked 
| 134|0x00000007e8600000, 0x00000007e8600000, 0x00000007e8700000|  0%| F|  |TAMS 0x00000007e8600000, 0x00000007e8600000| Untracked 
| 135|0x00000007e8700000, 0x00000007e8700000, 0x00000007e8800000|  0%| F|  |TAMS 0x00000007e8700000, 0x00000007e8700000| Untracked 
| 136|0x00000007e8800000, 0x00000007e8800000, 0x00000007e8900000|  0%| F|  |TAMS 0x00000007e8800000, 0x00000007e8800000| Untracked 
| 137|0x00000007e8900000, 0x00000007e8900000, 0x00000007e8a00000|  0%| F|  |TAMS 0x00000007e8900000, 0x00000007e8900000| Untracked 
| 138|0x00000007e8a00000, 0x00000007e8a00000, 0x00000007e8b00000|  0%| F|  |TAMS 0x00000007e8a00000, 0x00000007e8a00000| Untracked 
| 139|0x00000007e8b00000, 0x00000007e8b00000, 0x00000007e8c00000|  0%| F|  |TAMS 0x00000007e8b00000, 0x00000007e8b00000| Untracked 
| 140|0x00000007e8c00000, 0x00000007e8d00000, 0x00000007e8d00000|100%| S|CS|TAMS 0x00000007e8c00000, 0x00000007e8c00000| Complete 
| 141|0x00000007e8d00000, 0x00000007e8e00000, 0x00000007e8e00000|100%| S|CS|TAMS 0x00000007e8d00000, 0x00000007e8d00000| Complete 
| 142|0x00000007e8e00000, 0x00000007e8f00000, 0x00000007e8f00000|100%| S|CS|TAMS 0x00000007e8e00000, 0x00000007e8e00000| Complete 
| 143|0x00000007e8f00000, 0x00000007e9000000, 0x00000007e9000000|100%| S|CS|TAMS 0x00000007e8f00000, 0x00000007e8f00000| Complete 
| 144|0x00000007e9000000, 0x00000007e9000000, 0x00000007e9100000|  0%| F|  |TAMS 0x00000007e9000000, 0x00000007e9000000| Untracked 
| 145|0x00000007e9100000, 0x00000007e9100000, 0x00000007e9200000|  0%| F|  |TAMS 0x00000007e9100000, 0x00000007e9100000| Untracked 
| 146|0x00000007e9200000, 0x00000007e9200000, 0x00000007e9300000|  0%| F|  |TAMS 0x00000007e9200000, 0x00000007e9200000| Untracked 
| 147|0x00000007e9300000, 0x00000007e9300000, 0x00000007e9400000|  0%| F|  |TAMS 0x00000007e9300000, 0x00000007e9300000| Untracked 
| 148|0x00000007e9400000, 0x00000007e9400000, 0x00000007e9500000|  0%| F|  |TAMS 0x00000007e9400000, 0x00000007e9400000| Untracked 
| 149|0x00000007e9500000, 0x00000007e9500000, 0x00000007e9600000|  0%| F|  |TAMS 0x00000007e9500000, 0x00000007e9500000| Untracked 
| 150|0x00000007e9600000, 0x00000007e9600000, 0x00000007e9700000|  0%| F|  |TAMS 0x00000007e9600000, 0x00000007e9600000| Untracked 
| 151|0x00000007e9700000, 0x00000007e9700000, 0x00000007e9800000|  0%| F|  |TAMS 0x00000007e9700000, 0x00000007e9700000| Untracked 
| 152|0x00000007e9800000, 0x00000007e9800000, 0x00000007e9900000|  0%| F|  |TAMS 0x00000007e9800000, 0x00000007e9800000| Untracked 
| 153|0x00000007e9900000, 0x00000007e9900000, 0x00000007e9a00000|  0%| F|  |TAMS 0x00000007e9900000, 0x00000007e9900000| Untracked 
| 154|0x00000007e9a00000, 0x00000007e9a00000, 0x00000007e9b00000|  0%| F|  |TAMS 0x00000007e9a00000, 0x00000007e9a00000| Untracked 
| 155|0x00000007e9b00000, 0x00000007e9b00000, 0x00000007e9c00000|  0%| F|  |TAMS 0x00000007e9b00000, 0x00000007e9b00000| Untracked 
| 156|0x00000007e9c00000, 0x00000007e9c00000, 0x00000007e9d00000|  0%| F|  |TAMS 0x00000007e9c00000, 0x00000007e9c00000| Untracked 
| 157|0x00000007e9d00000, 0x00000007e9d00000, 0x00000007e9e00000|  0%| F|  |TAMS 0x00000007e9d00000, 0x00000007e9d00000| Untracked 
| 158|0x00000007e9e00000, 0x00000007e9e00000, 0x00000007e9f00000|  0%| F|  |TAMS 0x00000007e9e00000, 0x00000007e9e00000| Untracked 
| 159|0x00000007e9f00000, 0x00000007e9f00000, 0x00000007ea000000|  0%| F|  |TAMS 0x00000007e9f00000, 0x00000007e9f00000| Untracked 
| 160|0x00000007ea000000, 0x00000007ea000000, 0x00000007ea100000|  0%| F|  |TAMS 0x00000007ea000000, 0x00000007ea000000| Untracked 
| 161|0x00000007ea100000, 0x00000007ea100000, 0x00000007ea200000|  0%| F|  |TAMS 0x00000007ea100000, 0x00000007ea100000| Untracked 
| 162|0x00000007ea200000, 0x00000007ea200000, 0x00000007ea300000|  0%| F|  |TAMS 0x00000007ea200000, 0x00000007ea200000| Untracked 
| 163|0x00000007ea300000, 0x00000007ea300000, 0x00000007ea400000|  0%| F|  |TAMS 0x00000007ea300000, 0x00000007ea300000| Untracked 
| 164|0x00000007ea400000, 0x00000007ea400000, 0x00000007ea500000|  0%| F|  |TAMS 0x00000007ea400000, 0x00000007ea400000| Untracked 
| 165|0x00000007ea500000, 0x00000007ea500000, 0x00000007ea600000|  0%| F|  |TAMS 0x00000007ea500000, 0x00000007ea500000| Untracked 
| 166|0x00000007ea600000, 0x00000007ea600000, 0x00000007ea700000|  0%| F|  |TAMS 0x00000007ea600000, 0x00000007ea600000| Untracked 
| 167|0x00000007ea700000, 0x00000007ea700000, 0x00000007ea800000|  0%| F|  |TAMS 0x00000007ea700000, 0x00000007ea700000| Untracked 
| 168|0x00000007ea800000, 0x00000007ea800000, 0x00000007ea900000|  0%| F|  |TAMS 0x00000007ea800000, 0x00000007ea800000| Untracked 
| 169|0x00000007ea900000, 0x00000007ea900000, 0x00000007eaa00000|  0%| F|  |TAMS 0x00000007ea900000, 0x00000007ea900000| Untracked 
| 170|0x00000007eaa00000, 0x00000007eaa00000, 0x00000007eab00000|  0%| F|  |TAMS 0x00000007eaa00000, 0x00000007eaa00000| Untracked 
| 171|0x00000007eab00000, 0x00000007eab00000, 0x00000007eac00000|  0%| F|  |TAMS 0x00000007eab00000, 0x00000007eab00000| Untracked 
| 172|0x00000007eac00000, 0x00000007eac00000, 0x00000007ead00000|  0%| F|  |TAMS 0x00000007eac00000, 0x00000007eac00000| Untracked 
| 173|0x00000007ead00000, 0x00000007ead00000, 0x00000007eae00000|  0%| F|  |TAMS 0x00000007ead00000, 0x00000007ead00000| Untracked 
| 174|0x00000007eae00000, 0x00000007eae00000, 0x00000007eaf00000|  0%| F|  |TAMS 0x00000007eae00000, 0x00000007eae00000| Untracked 
| 175|0x00000007eaf00000, 0x00000007eaf00000, 0x00000007eb000000|  0%| F|  |TAMS 0x00000007eaf00000, 0x00000007eaf00000| Untracked 
| 176|0x00000007eb000000, 0x00000007eb000000, 0x00000007eb100000|  0%| F|  |TAMS 0x00000007eb000000, 0x00000007eb000000| Untracked 
| 177|0x00000007eb100000, 0x00000007eb100000, 0x00000007eb200000|  0%| F|  |TAMS 0x00000007eb100000, 0x00000007eb100000| Untracked 
| 178|0x00000007eb200000, 0x00000007eb200000, 0x00000007eb300000|  0%| F|  |TAMS 0x00000007eb200000, 0x00000007eb200000| Untracked 
| 179|0x00000007eb300000, 0x00000007eb300000, 0x00000007eb400000|  0%| F|  |TAMS 0x00000007eb300000, 0x00000007eb300000| Untracked 
| 180|0x00000007eb400000, 0x00000007eb400000, 0x00000007eb500000|  0%| F|  |TAMS 0x00000007eb400000, 0x00000007eb400000| Untracked 
| 181|0x00000007eb500000, 0x00000007eb5beb30, 0x00000007eb600000| 74%| E|  |TAMS 0x00000007eb500000, 0x00000007eb500000| Complete 
| 182|0x00000007eb600000, 0x00000007eb700000, 0x00000007eb700000|100%| E|CS|TAMS 0x00000007eb600000, 0x00000007eb600000| Complete 
| 183|0x00000007eb700000, 0x00000007eb800000, 0x00000007eb800000|100%| E|CS|TAMS 0x00000007eb700000, 0x00000007eb700000| Complete 
| 184|0x00000007eb800000, 0x00000007eb900000, 0x00000007eb900000|100%| E|CS|TAMS 0x00000007eb800000, 0x00000007eb800000| Complete 
| 185|0x00000007eb900000, 0x00000007eba00000, 0x00000007eba00000|100%| E|CS|TAMS 0x00000007eb900000, 0x00000007eb900000| Complete 
| 186|0x00000007eba00000, 0x00000007ebb00000, 0x00000007ebb00000|100%| E|CS|TAMS 0x00000007eba00000, 0x00000007eba00000| Complete 
| 187|0x00000007ebb00000, 0x00000007ebc00000, 0x00000007ebc00000|100%| E|CS|TAMS 0x00000007ebb00000, 0x00000007ebb00000| Complete 
| 188|0x00000007ebc00000, 0x00000007ebd00000, 0x00000007ebd00000|100%| E|CS|TAMS 0x00000007ebc00000, 0x00000007ebc00000| Complete 
| 189|0x00000007ebd00000, 0x00000007ebe00000, 0x00000007ebe00000|100%| E|CS|TAMS 0x00000007ebd00000, 0x00000007ebd00000| Complete 
| 190|0x00000007ebe00000, 0x00000007ebf00000, 0x00000007ebf00000|100%| E|CS|TAMS 0x00000007ebe00000, 0x00000007ebe00000| Complete 
| 191|0x00000007ebf00000, 0x00000007ec000000, 0x00000007ec000000|100%| E|CS|TAMS 0x00000007ebf00000, 0x00000007ebf00000| Complete 
| 192|0x00000007ec000000, 0x00000007ec100000, 0x00000007ec100000|100%| E|CS|TAMS 0x00000007ec000000, 0x00000007ec000000| Complete 
| 193|0x00000007ec100000, 0x00000007ec200000, 0x00000007ec200000|100%| E|CS|TAMS 0x00000007ec100000, 0x00000007ec100000| Complete 
| 194|0x00000007ec200000, 0x00000007ec300000, 0x00000007ec300000|100%| E|CS|TAMS 0x00000007ec200000, 0x00000007ec200000| Complete 
| 195|0x00000007ec300000, 0x00000007ec400000, 0x00000007ec400000|100%| E|CS|TAMS 0x00000007ec300000, 0x00000007ec300000| Complete 
| 196|0x00000007ec400000, 0x00000007ec500000, 0x00000007ec500000|100%| E|CS|TAMS 0x00000007ec400000, 0x00000007ec400000| Complete 
| 197|0x00000007ec500000, 0x00000007ec600000, 0x00000007ec600000|100%| E|CS|TAMS 0x00000007ec500000, 0x00000007ec500000| Complete 
| 198|0x00000007ec600000, 0x00000007ec700000, 0x00000007ec700000|100%| E|CS|TAMS 0x00000007ec600000, 0x00000007ec600000| Complete 
| 199|0x00000007ec700000, 0x00000007ec800000, 0x00000007ec800000|100%| E|CS|TAMS 0x00000007ec700000, 0x00000007ec700000| Complete 
| 200|0x00000007ec800000, 0x00000007ec900000, 0x00000007ec900000|100%| E|CS|TAMS 0x00000007ec800000, 0x00000007ec800000| Complete 
| 201|0x00000007ec900000, 0x00000007eca00000, 0x00000007eca00000|100%| E|CS|TAMS 0x00000007ec900000, 0x00000007ec900000| Complete 
| 202|0x00000007eca00000, 0x00000007ecb00000, 0x00000007ecb00000|100%| E|CS|TAMS 0x00000007eca00000, 0x00000007eca00000| Complete 
| 203|0x00000007ecb00000, 0x00000007ecc00000, 0x00000007ecc00000|100%| E|CS|TAMS 0x00000007ecb00000, 0x00000007ecb00000| Complete 
| 204|0x00000007ecc00000, 0x00000007ecd00000, 0x00000007ecd00000|100%| E|CS|TAMS 0x00000007ecc00000, 0x00000007ecc00000| Complete 
| 205|0x00000007ecd00000, 0x00000007ece00000, 0x00000007ece00000|100%| E|CS|TAMS 0x00000007ecd00000, 0x00000007ecd00000| Complete 
| 206|0x00000007ece00000, 0x00000007ecf00000, 0x00000007ecf00000|100%| E|CS|TAMS 0x00000007ece00000, 0x00000007ece00000| Complete 
| 207|0x00000007ecf00000, 0x00000007ed000000, 0x00000007ed000000|100%| E|CS|TAMS 0x00000007ecf00000, 0x00000007ecf00000| Complete 
| 208|0x00000007ed000000, 0x00000007ed100000, 0x00000007ed100000|100%| E|CS|TAMS 0x00000007ed000000, 0x00000007ed000000| Complete 
| 209|0x00000007ed100000, 0x00000007ed200000, 0x00000007ed200000|100%| E|CS|TAMS 0x00000007ed100000, 0x00000007ed100000| Complete 
| 210|0x00000007ed200000, 0x00000007ed300000, 0x00000007ed300000|100%| E|CS|TAMS 0x00000007ed200000, 0x00000007ed200000| Complete 
| 211|0x00000007ed300000, 0x00000007ed400000, 0x00000007ed400000|100%| E|CS|TAMS 0x00000007ed300000, 0x00000007ed300000| Complete 
| 212|0x00000007ed400000, 0x00000007ed500000, 0x00000007ed500000|100%| E|CS|TAMS 0x00000007ed400000, 0x00000007ed400000| Complete 
| 213|0x00000007ed500000, 0x00000007ed600000, 0x00000007ed600000|100%| E|CS|TAMS 0x00000007ed500000, 0x00000007ed500000| Complete 
| 214|0x00000007ed600000, 0x00000007ed700000, 0x00000007ed700000|100%| E|CS|TAMS 0x00000007ed600000, 0x00000007ed600000| Complete 
| 215|0x00000007ed700000, 0x00000007ed800000, 0x00000007ed800000|100%| E|CS|TAMS 0x00000007ed700000, 0x00000007ed700000| Complete 
| 216|0x00000007ed800000, 0x00000007ed900000, 0x00000007ed900000|100%| E|CS|TAMS 0x00000007ed800000, 0x00000007ed800000| Complete 
| 217|0x00000007ed900000, 0x00000007eda00000, 0x00000007eda00000|100%| E|CS|TAMS 0x00000007ed900000, 0x00000007ed900000| Complete 
| 218|0x00000007eda00000, 0x00000007edb00000, 0x00000007edb00000|100%| E|CS|TAMS 0x00000007eda00000, 0x00000007eda00000| Complete 
| 219|0x00000007edb00000, 0x00000007edc00000, 0x00000007edc00000|100%| E|CS|TAMS 0x00000007edb00000, 0x00000007edb00000| Complete 
| 220|0x00000007edc00000, 0x00000007edd00000, 0x00000007edd00000|100%| E|CS|TAMS 0x00000007edc00000, 0x00000007edc00000| Complete 
| 221|0x00000007edd00000, 0x00000007ede00000, 0x00000007ede00000|100%| E|CS|TAMS 0x00000007edd00000, 0x00000007edd00000| Complete 
| 222|0x00000007ede00000, 0x00000007edf00000, 0x00000007edf00000|100%| E|CS|TAMS 0x00000007ede00000, 0x00000007ede00000| Complete 
| 223|0x00000007edf00000, 0x00000007ee000000, 0x00000007ee000000|100%| E|CS|TAMS 0x00000007edf00000, 0x00000007edf00000| Complete 
| 224|0x00000007ee000000, 0x00000007ee100000, 0x00000007ee100000|100%| E|CS|TAMS 0x00000007ee000000, 0x00000007ee000000| Complete 
| 225|0x00000007ee100000, 0x00000007ee200000, 0x00000007ee200000|100%| E|CS|TAMS 0x00000007ee100000, 0x00000007ee100000| Complete 
| 226|0x00000007ee200000, 0x00000007ee300000, 0x00000007ee300000|100%| E|CS|TAMS 0x00000007ee200000, 0x00000007ee200000| Complete 
| 227|0x00000007ee300000, 0x00000007ee400000, 0x00000007ee400000|100%| E|CS|TAMS 0x00000007ee300000, 0x00000007ee300000| Complete 
| 228|0x00000007ee400000, 0x00000007ee500000, 0x00000007ee500000|100%| E|CS|TAMS 0x00000007ee400000, 0x00000007ee400000| Complete 
| 229|0x00000007ee500000, 0x00000007ee600000, 0x00000007ee600000|100%| E|CS|TAMS 0x00000007ee500000, 0x00000007ee500000| Complete 
| 230|0x00000007ee600000, 0x00000007ee700000, 0x00000007ee700000|100%| E|CS|TAMS 0x00000007ee600000, 0x00000007ee600000| Complete 
| 231|0x00000007ee700000, 0x00000007ee800000, 0x00000007ee800000|100%| E|CS|TAMS 0x00000007ee700000, 0x00000007ee700000| Complete 
| 232|0x00000007ee800000, 0x00000007ee900000, 0x00000007ee900000|100%| E|CS|TAMS 0x00000007ee800000, 0x00000007ee800000| Complete 
| 233|0x00000007ee900000, 0x00000007eea00000, 0x00000007eea00000|100%| E|CS|TAMS 0x00000007ee900000, 0x00000007ee900000| Complete 
| 234|0x00000007eea00000, 0x00000007eeb00000, 0x00000007eeb00000|100%| E|CS|TAMS 0x00000007eea00000, 0x00000007eea00000| Complete 
| 235|0x00000007eeb00000, 0x00000007eec00000, 0x00000007eec00000|100%| E|CS|TAMS 0x00000007eeb00000, 0x00000007eeb00000| Complete 
| 236|0x00000007eec00000, 0x00000007eed00000, 0x00000007eed00000|100%| E|CS|TAMS 0x00000007eec00000, 0x00000007eec00000| Complete 
| 237|0x00000007eed00000, 0x00000007eee00000, 0x00000007eee00000|100%| E|CS|TAMS 0x00000007eed00000, 0x00000007eed00000| Complete 
| 238|0x00000007eee00000, 0x00000007eef00000, 0x00000007eef00000|100%| E|CS|TAMS 0x00000007eee00000, 0x00000007eee00000| Complete 
| 239|0x00000007eef00000, 0x00000007ef000000, 0x00000007ef000000|100%| E|CS|TAMS 0x00000007eef00000, 0x00000007eef00000| Complete 
| 240|0x00000007ef000000, 0x00000007ef100000, 0x00000007ef100000|100%| E|CS|TAMS 0x00000007ef000000, 0x00000007ef000000| Complete 
| 241|0x00000007ef100000, 0x00000007ef200000, 0x00000007ef200000|100%| E|CS|TAMS 0x00000007ef100000, 0x00000007ef100000| Complete 
| 242|0x00000007ef200000, 0x00000007ef300000, 0x00000007ef300000|100%| E|CS|TAMS 0x00000007ef200000, 0x00000007ef200000| Complete 
| 243|0x00000007ef300000, 0x00000007ef400000, 0x00000007ef400000|100%| E|CS|TAMS 0x00000007ef300000, 0x00000007ef300000| Complete 
| 244|0x00000007ef400000, 0x00000007ef500000, 0x00000007ef500000|100%| E|CS|TAMS 0x00000007ef400000, 0x00000007ef400000| Complete 
| 245|0x00000007ef500000, 0x00000007ef600000, 0x00000007ef600000|100%| E|CS|TAMS 0x00000007ef500000, 0x00000007ef500000| Complete 
| 246|0x00000007ef600000, 0x00000007ef700000, 0x00000007ef700000|100%| E|CS|TAMS 0x00000007ef600000, 0x00000007ef600000| Complete 
| 247|0x00000007ef700000, 0x00000007ef800000, 0x00000007ef800000|100%| E|CS|TAMS 0x00000007ef700000, 0x00000007ef700000| Complete 
| 248|0x00000007ef800000, 0x00000007ef900000, 0x00000007ef900000|100%| E|CS|TAMS 0x00000007ef800000, 0x00000007ef800000| Complete 
| 249|0x00000007ef900000, 0x00000007efa00000, 0x00000007efa00000|100%| E|CS|TAMS 0x00000007ef900000, 0x00000007ef900000| Complete 
| 250|0x00000007efa00000, 0x00000007efb00000, 0x00000007efb00000|100%| E|CS|TAMS 0x00000007efa00000, 0x00000007efa00000| Complete 
| 251|0x00000007efb00000, 0x00000007efc00000, 0x00000007efc00000|100%| E|CS|TAMS 0x00000007efb00000, 0x00000007efb00000| Complete 
| 252|0x00000007efc00000, 0x00000007efd00000, 0x00000007efd00000|100%| E|CS|TAMS 0x00000007efc00000, 0x00000007efc00000| Complete 
| 253|0x00000007efd00000, 0x00000007efe00000, 0x00000007efe00000|100%| E|CS|TAMS 0x00000007efd00000, 0x00000007efd00000| Complete 
| 254|0x00000007efe00000, 0x00000007eff00000, 0x00000007eff00000|100%| E|CS|TAMS 0x00000007efe00000, 0x00000007efe00000| Complete 
| 255|0x00000007eff00000, 0x00000007f0000000, 0x00000007f0000000|100%| E|CS|TAMS 0x00000007eff00000, 0x00000007eff00000| Complete 

Card table byte_map: [0x000000010e21f000,0x000000010e31f000] _byte_map_base: 0x000000010a31f000

Marking Bits (Prev, Next): (CMBitMap*) 0x00007ffcd601e050, (CMBitMap*) 0x00007ffcd601e018
 Prev Bits: [0x0000000126262000, 0x0000000126a62000)
 Next Bits: [0x0000000125a62000, 0x0000000126262000)

Polling page: 0x000000010c4bf000

Metaspace:

Usage:
  Non-class:     56.07 MB capacity,    55.04 MB ( 98%) used,   941.96 KB (  2%) free+waste,   114.06 KB ( <1%) overhead. 
      Class:      8.43 MB capacity,     7.97 MB ( 95%) used,   419.62 KB (  5%) free+waste,    52.06 KB ( <1%) overhead. 
       Both:     64.49 MB capacity,    63.00 MB ( 98%) used,     1.33 MB (  2%) free+waste,   166.12 KB ( <1%) overhead. 

Virtual space:
  Non-class space:       58.00 MB reserved,      56.25 MB ( 97%) committed 
      Class space:      248.00 MB reserved,       8.50 MB (  3%) committed 
             Both:      306.00 MB reserved,      64.75 MB ( 21%) committed 

Chunk freelists:
   Non-Class:  11.00 KB
       Class:  1.38 KB
        Both:  12.38 KB

CodeHeap 'non-profiled nmethods': size=120032Kb used=4669Kb max_used=4669Kb free=115363Kb
 bounds [0x000000011e52a000, 0x000000011e9ba000, 0x0000000125a62000]
CodeHeap 'profiled nmethods': size=120032Kb used=17951Kb max_used=17951Kb free=102080Kb
 bounds [0x0000000116ff2000, 0x0000000118182000, 0x000000011e52a000]
CodeHeap 'non-nmethods': size=5696Kb used=2290Kb max_used=2293Kb free=3405Kb
 bounds [0x0000000116a62000, 0x0000000116cd2000, 0x0000000116ff2000]
 total_blobs=10944 nmethods=7936 adapters=744
 compilation: enabled
              stopped_count=0, restarted_count=0
 full_count=0

Compilation events (10 events):
Event: 72.369 Thread 0x00007ffcd5859800 8270       1       sun.security.rsa.RSAPublicKeyImpl::getModulus (5 bytes)
Event: 72.369 Thread 0x00007ffcd5859800 nmethod 8270 0x000000011e9abb90 code [0x000000011e9abd40, 0x000000011e9abe50]
Event: 72.369 Thread 0x00007ffcd5859800 8271 %     3       java.math.BigInteger::implMultiplyToLen @ 135 (216 bytes)
Event: 72.370 Thread 0x00007ffcd5859800 nmethod 8271% 0x000000011817a990 code [0x000000011817aba0, 0x000000011817b2d0]
Event: 72.371 Thread 0x00007ffcd5859800 8272       1       sun.security.ec.ECPublicKeyImpl::getParams (5 bytes)
Event: 72.371 Thread 0x00007ffcd5859800 nmethod 8272 0x000000011e9abe90 code [0x000000011e9ac040, 0x000000011e9ac150]
Event: 72.375 Thread 0x00007ffcd5859800 8273       2       sun.security.ssl.Authenticator::sequenceNumber (10 bytes)
Event: 72.376 Thread 0x00007ffcd5859800 nmethod 8273 0x000000011817b710 code [0x000000011817b8e0, 0x000000011817bb88]
Event: 72.392 Thread 0x00007ffcd5856000 nmethod 7755 0x000000011e9ac210 code [0x000000011e9ac9a0, 0x000000011e9b5768]
Event: 72.392 Thread 0x00007ffcd5856000 8266       4       java.util.AbstractCollection::addAll (42 bytes)

GC Heap History (10 events):
Event: 39.900 GC heap before
{Heap before GC invocations=19 (full 0):
 garbage-first heap   total 262144K, used 159334K [0x00000007e0000000, 0x0000000800000000)
  region size 1024K, 104 young (106496K), 8 survivors (8192K)
 Metaspace       used 54759K, capacity 55904K, committed 56444K, reserved 303104K
  class space    used 6783K, capacity 7175K, committed 7292K, reserved 253952K
}
Event: 39.917 GC heap after
{Heap after GC invocations=20 (full 0):
 garbage-first heap   total 262144K, used 65752K [0x00000007e0000000, 0x0000000800000000)
  region size 1024K, 5 young (5120K), 5 survivors (5120K)
 Metaspace       used 54759K, capacity 55904K, committed 56444K, reserved 303104K
  class space    used 6783K, capacity 7175K, committed 7292K, reserved 253952K
}
Event: 57.017 GC heap before
{Heap before GC invocations=20 (full 0):
 garbage-first heap   total 262144K, used 167128K [0x00000007e0000000, 0x0000000800000000)
  region size 1024K, 105 young (107520K), 5 survivors (5120K)
 Metaspace       used 55265K, capacity 56360K, committed 56956K, reserved 305152K
  class space    used 6797K, capacity 7176K, committed 7292K, reserved 253952K
}
Event: 57.025 GC heap after
{Heap after GC invocations=21 (full 0):
 garbage-first heap   total 262144K, used 64648K [0x00000007e0000000, 0x0000000800000000)
  region size 1024K, 4 young (4096K), 4 survivors (4096K)
 Metaspace       used 55265K, capacity 56360K, committed 56956K, reserved 305152K
  class space    used 6797K, capacity 7176K, committed 7292K, reserved 253952K
}
Event: 68.356 GC heap before
{Heap before GC invocations=21 (full 0):
 garbage-first heap   total 262144K, used 172168K [0x00000007e0000000, 0x0000000800000000)
  region size 1024K, 110 young (112640K), 4 survivors (4096K)
 Metaspace       used 55365K, capacity 56424K, committed 56956K, reserved 305152K
  class space    used 6801K, capacity 7176K, committed 7292K, reserved 253952K
}
Event: 68.361 GC heap after
{Heap after GC invocations=22 (full 0):
 garbage-first heap   total 262144K, used 65277K [0x00000007e0000000, 0x0000000800000000)
  region size 1024K, 5 young (5120K), 5 survivors (5120K)
 Metaspace       used 55365K, capacity 56424K, committed 56956K, reserved 305152K
  class space    used 6801K, capacity 7176K, committed 7292K, reserved 253952K
}
Event: 69.062 GC heap before
{Heap before GC invocations=22 (full 0):
 garbage-first heap   total 262144K, used 178941K [0x00000007e0000000, 0x0000000800000000)
  region size 1024K, 116 young (118784K), 5 survivors (5120K)
 Metaspace       used 57680K, capacity 58915K, committed 59516K, reserved 307200K
  class space    used 7084K, capacity 7493K, committed 7548K, reserved 253952K
}
Event: 69.078 GC heap after
{Heap after GC invocations=23 (full 0):
 garbage-first heap   total 262144K, used 70640K [0x00000007e0000000, 0x0000000800000000)
  region size 1024K, 10 young (10240K), 10 survivors (10240K)
 Metaspace       used 57680K, capacity 58915K, committed 59516K, reserved 307200K
  class space    used 7084K, capacity 7493K, committed 7548K, reserved 253952K
}
Event: 70.823 GC heap before
{Heap before GC invocations=23 (full 0):
 garbage-first heap   total 262144K, used 185328K [0x00000007e0000000, 0x0000000800000000)
  region size 1024K, 122 young (124928K), 10 survivors (10240K)
 Metaspace       used 62343K, capacity 63793K, committed 64252K, reserved 311296K
  class space    used 7827K, capacity 8313K, committed 8444K, reserved 253952K
}
Event: 70.861 GC heap after
{Heap after GC invocations=24 (full 0):
 garbage-first heap   total 262144K, used 81215K [0x00000007e0000000, 0x0000000800000000)
  region size 1024K, 16 young (16384K), 16 survivors (16384K)
 Metaspace       used 62343K, capacity 63793K, committed 64252K, reserved 311296K
  class space    used 7827K, capacity 8313K, committed 8444K, reserved 253952K
}

Deoptimization events (10 events):
Event: 69.252 Thread 0x00007ffcd64bd800 Uncommon trap: reason=speculate_class_check action=maybe_recompile pc=0x000000011e753a30 method=jdk.internal.loader.Resource.getBytes()[B @ 10 c2
Event: 69.259 Thread 0x00007ffcd64bd800 Uncommon trap: reason=speculate_class_check action=maybe_recompile pc=0x000000011e753a30 method=jdk.internal.loader.Resource.getBytes()[B @ 10 c2
Event: 69.276 Thread 0x00007ffcd64bd800 Uncommon trap: reason=unstable_if action=reinterpret pc=0x000000011e946d74 method=org.codehaus.groovy.runtime.metaclass.MetaMethodIndex.addMethodToList(Ljava/lang/Object;Lgroovy/lang/MetaMethod;)Ljava/lang/Object; @ 256 c2
Event: 69.282 Thread 0x00007ffcd64bd800 Uncommon trap: reason=class_check action=maybe_recompile pc=0x000000011e61f3bc method=java.util.WeakHashMap.eq(Ljava/lang/Object;Ljava/lang/Object;)Z @ 7 c2
Event: 69.446 Thread 0x00007ffcd64bd800 Uncommon trap: reason=unstable_if action=reinterpret pc=0x000000011e700e28 method=java.util.HashMap.putVal(ILjava/lang/Object;Ljava/lang/Object;ZZ)Ljava/lang/Object; @ 109 c2
Event: 69.446 Thread 0x00007ffcd64bd800 Uncommon trap: reason=unstable_if action=reinterpret pc=0x000000011e57f47c method=java.util.HashMap.resize()[Ljava/util/HashMap$Node; @ 203 c2
Event: 70.275 Thread 0x00007ffcd64bd800 Uncommon trap: reason=class_check action=maybe_recompile pc=0x000000011e697428 method=com.google.common.collect.AbstractIndexedListIterator.next()Ljava/lang/Object; @ 27 c2
Event: 70.279 Thread 0x00007ffcd64bd800 Uncommon trap: reason=class_check action=maybe_recompile pc=0x000000011e697428 method=com.google.common.collect.AbstractIndexedListIterator.next()Ljava/lang/Object; @ 27 c2
Event: 72.115 Thread 0x00007ffcd64bd800 Uncommon trap: reason=class_check action=maybe_recompile pc=0x000000011e6cbb94 method=java.util.regex.Pattern$BnM.match(Ljava/util/regex/Matcher;ILjava/lang/CharSequence;)Z @ 111 c2
Event: 72.189 Thread 0x00007ffcd8e1c000 Uncommon trap: reason=intrinsic_or_type_checked_inlining action=make_not_entrant pc=0x000000011e8e5288 method=java.util.ArrayList$SubList.toArray([Ljava/lang/Object;)[Ljava/lang/Object; @ 58 c2

Classes redefined (0 events):
No events

Internal exceptions (10 events):
Event: 71.867 Thread 0x00007ffcd64bd800 Exception <a 'java/lang/ClassNotFoundException'{0x00000007ec48abd0}: org/gradle/plugins/ide/idea/GenerateIdeaWorkspaceCustomizer> (0x00000007ec48abd0) thrown at [/scratch/mesos/slaves/07fc96ef-bf4d-487f-b22f-a84e49f5f44a-S27799/frameworks/1735e8a2-a1db-47
Event: 71.869 Thread 0x00007ffcd64bd800 Exception <a 'java/lang/ClassNotFoundException'{0x00000007ec4c3a48}: org/gradle/plugins/ide/idea/GenerateIdeaWorkspace_DecoratedCustomizer> (0x00000007ec4c3a48) thrown at [/scratch/mesos/slaves/07fc96ef-bf4d-487f-b22f-a84e49f5f44a-S27799/frameworks/1735e8
Event: 71.937 Thread 0x00007ffcd64bd800 Exception <a 'java/lang/ClassNotFoundException'{0x00000007ec16dad0}: org/gradle/plugins/ide/idea/GenerateIdeaProject_DecoratedBeanInfo> (0x00000007ec16dad0) thrown at [/scratch/mesos/slaves/07fc96ef-bf4d-487f-b22f-a84e49f5f44a-S27799/frameworks/1735e8a2-a
Event: 71.938 Thread 0x00007ffcd64bd800 Exception <a 'java/lang/ClassNotFoundException'{0x00000007ec191e48}: org/gradle/plugins/ide/idea/GenerateIdeaProjectBeanInfo> (0x00000007ec191e48) thrown at [/scratch/mesos/slaves/07fc96ef-bf4d-487f-b22f-a84e49f5f44a-S27799/frameworks/1735e8a2-a1db-478c-8
Event: 71.939 Thread 0x00007ffcd64bd800 Exception <a 'java/lang/ClassNotFoundException'{0x00000007ec1b5fb8}: org/gradle/plugins/ide/idea/GenerateIdeaProjectCustomizer> (0x00000007ec1b5fb8) thrown at [/scratch/mesos/slaves/07fc96ef-bf4d-487f-b22f-a84e49f5f44a-S27799/frameworks/1735e8a2-a1db-478c
Event: 71.943 Thread 0x00007ffcd64bd800 Exception <a 'java/lang/ClassNotFoundException'{0x00000007ec1f3010}: org/gradle/plugins/ide/idea/GenerateIdeaProject_DecoratedCustomizer> (0x00000007ec1f3010) thrown at [/scratch/mesos/slaves/07fc96ef-bf4d-487f-b22f-a84e49f5f44a-S27799/frameworks/1735e8a2
Event: 72.037 Thread 0x00007ffcd64bd800 Exception <a 'java/lang/ClassNotFoundException'{0x00000007ebd11e88}: org/gradle/plugins/ide/idea/GenerateIdeaModule_DecoratedBeanInfo> (0x00000007ebd11e88) thrown at [/scratch/mesos/slaves/07fc96ef-bf4d-487f-b22f-a84e49f5f44a-S27799/frameworks/1735e8a2-a1
Event: 72.038 Thread 0x00007ffcd64bd800 Exception <a 'java/lang/ClassNotFoundException'{0x00000007ebd35f60}: org/gradle/plugins/ide/idea/GenerateIdeaModuleBeanInfo> (0x00000007ebd35f60) thrown at [/scratch/mesos/slaves/07fc96ef-bf4d-487f-b22f-a84e49f5f44a-S27799/frameworks/1735e8a2-a1db-478c-81
Event: 72.038 Thread 0x00007ffcd64bd800 Exception <a 'java/lang/ClassNotFoundException'{0x00000007ebd5a030}: org/gradle/plugins/ide/idea/GenerateIdeaModuleCustomizer> (0x00000007ebd5a030) thrown at [/scratch/mesos/slaves/07fc96ef-bf4d-487f-b22f-a84e49f5f44a-S27799/frameworks/1735e8a2-a1db-478c-
Event: 72.042 Thread 0x00007ffcd64bd800 Exception <a 'java/lang/ClassNotFoundException'{0x00000007ebd952c8}: org/gradle/plugins/ide/idea/GenerateIdeaModule_DecoratedCustomizer> (0x00000007ebd952c8) thrown at [/scratch/mesos/slaves/07fc96ef-bf4d-487f-b22f-a84e49f5f44a-S27799/frameworks/1735e8a2-

Events (10 events):
Event: 72.185 loading class org/gradle/api/internal/artifacts/ivyservice/resolveengine/excludes/simple/DefaultModuleSetExclude done
Event: 72.188 Executing VM operation: RevokeBias
Event: 72.189 Executing VM operation: RevokeBias done
Event: 72.189 Thread 0x00007ffcd8e1c000 Uncommon trap: trap_request=0xffffffcc fr.pc=0x000000011e8e5288 relative=0x00000000000020c8
Event: 72.189 Thread 0x00007ffcd8e1c000 DEOPT PACKING pc=0x000000011e8e5288 sp=0x0000700010332d80
Event: 72.189 Thread 0x00007ffcd8e1c000 DEOPT UNPACKING pc=0x0000000116a8a9a5 sp=0x0000700010332ce8 mode 2
Event: 72.190 Executing VM operation: RevokeBias
Event: 72.190 Executing VM operation: RevokeBias done
Event: 72.190 Executing VM operation: RevokeBias
Event: 72.191 Executing VM operation: RevokeBias done


Dynamic libraries:
0x00007fff35216000 	/System/Library/Frameworks/Cocoa.framework/Versions/A/Cocoa
0x00007fff40f2e000 	/System/Library/Frameworks/Security.framework/Versions/A/Security
0x00007fff33eab000 	/System/Library/Frameworks/ApplicationServices.framework/Versions/A/ApplicationServices
0x00007fff60ff0000 	/usr/lib/libz.1.dylib
0x00007fff5e94a000 	/usr/lib/libSystem.B.dylib
0x00007fff359fe000 	/System/Library/Frameworks/CoreFoundation.framework/Versions/A/CoreFoundation
0x00007fff37c80000 	/System/Library/Frameworks/Foundation.framework/Versions/C/Foundation
0x00007fff60181000 	/usr/lib/libobjc.A.dylib
0x00007fff330a4000 	/System/Library/Frameworks/AppKit.framework/Versions/C/AppKit
0x00007fff35591000 	/System/Library/Frameworks/CoreData.framework/Versions/A/CoreData
0x00007fff5841d000 	/System/Library/PrivateFrameworks/RemoteViewServices.framework/Versions/A/RemoteViewServices
0x00007fff5c68a000 	/System/Library/PrivateFrameworks/UIFoundation.framework/Versions/A/UIFoundation
0x00007fff5dd6c000 	/System/Library/PrivateFrameworks/XCTTargetBootstrap.framework/Versions/A/XCTTargetBootstrap
0x00007fff35916000 	/System/Library/Frameworks/CoreDisplay.framework/Versions/A/CoreDisplay
0x00007fff53174000 	/System/Library/PrivateFrameworks/IconServices.framework/Versions/A/IconServices
0x00007fff3a5a4000 	/System/Library/Frameworks/Metal.framework/Versions/A/Metal
0x00007fff4a6ef000 	/System/Library/PrivateFrameworks/DesktopServicesPriv.framework/Versions/A/DesktopServicesPriv
0x00007fff5f4e4000 	/usr/lib/libenergytrace.dylib
0x00007fff5ab73000 	/System/Library/PrivateFrameworks/SkyLight.framework/Versions/A/SkyLight
0x00007fff35e44000 	/System/Library/Frameworks/CoreGraphics.framework/Versions/A/CoreGraphics
0x00007fff31e70000 	/System/Library/Frameworks/Accelerate.framework/Versions/A/Accelerate
0x00007fff383c8000 	/System/Library/Frameworks/IOSurface.framework/Versions/A/IOSurface
0x00007fff4a55b000 	/System/Library/PrivateFrameworks/DFRFoundation.framework/Versions/A/DFRFoundation
0x00007fff3438e000 	/System/Library/Frameworks/AudioToolbox.framework/Versions/A/AudioToolbox
0x00007fff34607000 	/System/Library/Frameworks/AudioUnit.framework/Versions/A/AudioUnit
0x00007fff4a5f0000 	/System/Library/PrivateFrameworks/DataDetectorsCore.framework/Versions/A/DataDetectorsCore
0x00007fff34d1a000 	/System/Library/Frameworks/Carbon.framework/Versions/A/Frameworks/HIToolbox.framework/Versions/A/HIToolbox
0x00007fff5f63d000 	/usr/lib/libicucore.A.dylib
0x00007fff404a3000 	/System/Library/Frameworks/QuartzCore.framework/Versions/A/QuartzCore
0x00007fff350ee000 	/System/Library/Frameworks/Carbon.framework/Versions/A/Frameworks/SpeechRecognition.framework/Versions/A/SpeechRecognition
0x00007fff5ea9e000 	/usr/lib/libauto.dylib
0x00007fff60ee4000 	/usr/lib/libxml2.2.dylib
0x00007fff4a138000 	/System/Library/PrivateFrameworks/CoreUI.framework/Versions/A/CoreUI
0x00007fff3547c000 	/System/Library/Frameworks/CoreAudio.framework/Versions/A/CoreAudio
0x00007fff37ab5000 	/System/Library/Frameworks/DiskArbitration.framework/Versions/A/DiskArbitration
0x00007fff5f8eb000 	/usr/lib/liblangid.dylib
0x00007fff54582000 	/System/Library/PrivateFrameworks/MultitouchSupport.framework/Versions/A/MultitouchSupport
0x00007fff38337000 	/System/Library/Frameworks/IOKit.framework/Versions/A/IOKit
0x00007fff5e50b000 	/usr/lib/libDiagnosticMessagesClient.dylib
0x00007fff36c53000 	/System/Library/Frameworks/CoreServices.framework/Versions/A/CoreServices
0x00007fff56229000 	/System/Library/PrivateFrameworks/PerformanceAnalysis.framework/Versions/A/PerformanceAnalysis
0x00007fff3f691000 	/System/Library/Frameworks/OpenGL.framework/Versions/A/OpenGL
0x00007fff35224000 	/System/Library/Frameworks/ColorSync.framework/Versions/A/ColorSync
0x00007fff364d5000 	/System/Library/Frameworks/CoreImage.framework/Versions/A/CoreImage
0x00007fff3762c000 	/System/Library/Frameworks/CoreText.framework/Versions/A/CoreText
0x00007fff3842b000 	/System/Library/Frameworks/ImageIO.framework/Versions/A/ImageIO
0x00007fff4678d000 	/System/Library/PrivateFrameworks/Backup.framework/Versions/A/Backup
0x00007fff5e9f1000 	/usr/lib/libarchive.2.dylib
0x00007fff3495f000 	/System/Library/Frameworks/CFNetwork.framework/Versions/A/CFNetwork
0x00007fff41688000 	/System/Library/Frameworks/SystemConfiguration.framework/Versions/A/SystemConfiguration
0x00007fff5e43c000 	/usr/lib/libCRFSuite.dylib
0x00007fff5eb8d000 	/usr/lib/libc++.1.dylib
0x00007fff5ebe1000 	/usr/lib/libc++abi.dylib
0x00007fff617e6000 	/usr/lib/system/libcache.dylib
0x00007fff617eb000 	/usr/lib/system/libcommonCrypto.dylib
0x00007fff617f6000 	/usr/lib/system/libcompiler_rt.dylib
0x00007fff617fe000 	/usr/lib/system/libcopyfile.dylib
0x00007fff61808000 	/usr/lib/system/libcorecrypto.dylib
0x00007fff61913000 	/usr/lib/system/libdispatch.dylib
0x00007fff6194d000 	/usr/lib/system/libdyld.dylib
0x00007fff6197a000 	/usr/lib/system/libkeymgr.dylib
0x00007fff61988000 	/usr/lib/system/liblaunch.dylib
0x00007fff61989000 	/usr/lib/system/libmacho.dylib
0x00007fff6198f000 	/usr/lib/system/libquarantine.dylib
0x00007fff61992000 	/usr/lib/system/libremovefile.dylib
0x00007fff61994000 	/usr/lib/system/libsystem_asl.dylib
0x00007fff619ac000 	/usr/lib/system/libsystem_blocks.dylib
0x00007fff619ad000 	/usr/lib/system/libsystem_c.dylib
0x00007fff61a35000 	/usr/lib/system/libsystem_configuration.dylib
0x00007fff61a39000 	/usr/lib/system/libsystem_coreservices.dylib
0x00007fff61a3d000 	/usr/lib/system/libsystem_darwin.dylib
0x00007fff61a44000 	/usr/lib/system/libsystem_dnssd.dylib
0x00007fff61a4b000 	/usr/lib/system/libsystem_info.dylib
0x00007fff61ac0000 	/usr/lib/system/libsystem_m.dylib
0x00007fff61b0c000 	/usr/lib/system/libsystem_malloc.dylib
0x00007fff61b37000 	/usr/lib/system/libsystem_networkextension.dylib
0x00007fff61b42000 	/usr/lib/system/libsystem_notify.dylib
0x00007fff61b5f000 	/usr/lib/system/libsystem_sandbox.dylib
0x00007fff61b63000 	/usr/lib/system/libsystem_secinit.dylib
0x00007fff61a97000 	/usr/lib/system/libsystem_kernel.dylib
0x00007fff61b4a000 	/usr/lib/system/libsystem_platform.dylib
0x00007fff61b54000 	/usr/lib/system/libsystem_pthread.dylib
0x00007fff61b66000 	/usr/lib/system/libsystem_symptoms.dylib
0x00007fff61b6e000 	/usr/lib/system/libsystem_trace.dylib
0x00007fff61b85000 	/usr/lib/system/libunwind.dylib
0x00007fff61b8b000 	/usr/lib/system/libxpc.dylib
0x00007fff5eb6e000 	/usr/lib/libbsm.0.dylib
0x00007fff6197b000 	/usr/lib/system/libkxld.dylib
0x00007fff45b7e000 	/System/Library/PrivateFrameworks/AppleFSCompression.framework/Versions/A/AppleFSCompression
0x00007fff5e80a000 	/usr/lib/libOpenScriptingUtil.dylib
0x00007fff5ee96000 	/usr/lib/libcoretls.dylib
0x00007fff5eead000 	/usr/lib/libcoretls_cfhelpers.dylib
0x00007fff60918000 	/usr/lib/libpam.2.dylib
0x00007fff60ad8000 	/usr/lib/libsqlite3.dylib
0x00007fff60ed2000 	/usr/lib/libxar.1.dylib
0x00007fff5eb7f000 	/usr/lib/libbz2.1.0.dylib
0x00007fff5f8ed000 	/usr/lib/liblzma.5.dylib
0x00007fff5fd9e000 	/usr/lib/libnetwork.dylib
0x00007fff5e9da000 	/usr/lib/libapple_nghttp2.dylib
0x00007fff6091f000 	/usr/lib/libpcap.A.dylib
0x00007fff36ff2000 	/System/Library/Frameworks/CoreServices.framework/Versions/A/Frameworks/FSEvents.framework/Versions/A/FSEvents
0x00007fff36cd1000 	/System/Library/Frameworks/CoreServices.framework/Versions/A/Frameworks/CarbonCore.framework/Versions/A/CarbonCore
0x00007fff371ae000 	/System/Library/Frameworks/CoreServices.framework/Versions/A/Frameworks/Metadata.framework/Versions/A/Metadata
0x00007fff3724d000 	/System/Library/Frameworks/CoreServices.framework/Versions/A/Frameworks/OSServices.framework/Versions/A/OSServices
0x00007fff37298000 	/System/Library/Frameworks/CoreServices.framework/Versions/A/Frameworks/SearchKit.framework/Versions/A/SearchKit
0x00007fff36c54000 	/System/Library/Frameworks/CoreServices.framework/Versions/A/Frameworks/AE.framework/Versions/A/AE
0x00007fff36ffb000 	/System/Library/Frameworks/CoreServices.framework/Versions/A/Frameworks/LaunchServices.framework/Versions/A/LaunchServices
0x00007fff36fa9000 	/System/Library/Frameworks/CoreServices.framework/Versions/A/Frameworks/DictionaryServices.framework/Versions/A/DictionaryServices
0x00007fff37300000 	/System/Library/Frameworks/CoreServices.framework/Versions/A/Frameworks/SharedFileList.framework/Versions/A/SharedFileList
0x00007fff3b66c000 	/System/Library/Frameworks/NetFS.framework/Versions/A/NetFS
0x00007fff547e8000 	/System/Library/PrivateFrameworks/NetAuth.framework/Versions/A/NetAuth
0x00007fff5e170000 	/System/Library/PrivateFrameworks/login.framework/Versions/A/Frameworks/loginsupport.framework/Versions/A/loginsupport
0x00007fff5c293000 	/System/Library/PrivateFrameworks/TCC.framework/Versions/A/TCC
0x00007fff49795000 	/System/Library/PrivateFrameworks/CoreNLP.framework/Versions/A/CoreNLP
0x00007fff5427b000 	/System/Library/PrivateFrameworks/MetadataUtilities.framework/Versions/A/MetadataUtilities
0x00007fff5f9c2000 	/usr/lib/libmecabra.dylib
0x00007fff33eac000 	/System/Library/Frameworks/ApplicationServices.framework/Versions/A/Frameworks/ATS.framework/Versions/A/ATS
0x00007fff341fb000 	/System/Library/Frameworks/ApplicationServices.framework/Versions/A/Frameworks/ColorSyncLegacy.framework/Versions/A/ColorSyncLegacy
0x00007fff3429a000 	/System/Library/Frameworks/ApplicationServices.framework/Versions/A/Frameworks/HIServices.framework/Versions/A/HIServices
0x00007fff342ed000 	/System/Library/Frameworks/ApplicationServices.framework/Versions/A/Frameworks/LangAnalysis.framework/Versions/A/LangAnalysis
0x00007fff342fd000 	/System/Library/Frameworks/ApplicationServices.framework/Versions/A/Frameworks/PrintCore.framework/Versions/A/PrintCore
0x00007fff34347000 	/System/Library/Frameworks/ApplicationServices.framework/Versions/A/Frameworks/QD.framework/Versions/A/QD
0x00007fff34381000 	/System/Library/Frameworks/ApplicationServices.framework/Versions/A/Frameworks/SpeechSynthesis.framework/Versions/A/SpeechSynthesis
0x00007fff5ec09000 	/usr/lib/libcompression.dylib
0x00007fff3a874000 	/System/Library/Frameworks/MetalPerformanceShaders.framework/Versions/A/MetalPerformanceShaders
0x00007fff31e88000 	/System/Library/Frameworks/Accelerate.framework/Versions/A/Frameworks/vImage.framework/Versions/A/vImage
0x00007fff32f02000 	/System/Library/Frameworks/Accelerate.framework/Versions/A/Frameworks/vecLib.framework/Versions/A/vecLib
0x00007fff32e4e000 	/System/Library/Frameworks/Accelerate.framework/Versions/A/Frameworks/vecLib.framework/Versions/A/libvMisc.dylib
0x00007fff32c66000 	/System/Library/Frameworks/Accelerate.framework/Versions/A/Frameworks/vecLib.framework/Versions/A/libvDSP.dylib
0x00007fff32522000 	/System/Library/Frameworks/Accelerate.framework/Versions/A/Frameworks/vecLib.framework/Versions/A/libBLAS.dylib
0x00007fff3280f000 	/System/Library/Frameworks/Accelerate.framework/Versions/A/Frameworks/vecLib.framework/Versions/A/libLAPACK.dylib
0x00007fff32bb9000 	/System/Library/Frameworks/Accelerate.framework/Versions/A/Frameworks/vecLib.framework/Versions/A/libLinearAlgebra.dylib
0x00007fff32c52000 	/System/Library/Frameworks/Accelerate.framework/Versions/A/Frameworks/vecLib.framework/Versions/A/libSparseBLAS.dylib
0x00007fff32bcf000 	/System/Library/Frameworks/Accelerate.framework/Versions/A/Frameworks/vecLib.framework/Versions/A/libQuadrature.dylib
0x00007fff3279c000 	/System/Library/Frameworks/Accelerate.framework/Versions/A/Frameworks/vecLib.framework/Versions/A/libBNNS.dylib
0x00007fff32bd5000 	/System/Library/Frameworks/Accelerate.framework/Versions/A/Frameworks/vecLib.framework/Versions/A/libSparse.dylib
0x00007fff50ad7000 	/System/Library/PrivateFrameworks/GPUWrangler.framework/Versions/A/GPUWrangler
0x00007fff52da9000 	/System/Library/PrivateFrameworks/IOAccelerator.framework/Versions/A/IOAccelerator
0x00007fff52db4000 	/System/Library/PrivateFrameworks/IOPresentment.framework/Versions/A/IOPresentment
0x00007fff4a56b000 	/System/Library/PrivateFrameworks/DSExternalDisplay.framework/Versions/A/DSExternalDisplay
0x00007fff3eae8000 	/System/Library/Frameworks/OpenGL.framework/Versions/A/Libraries/libCoreFSCache.dylib
0x00007fff3a668000 	/System/Library/Frameworks/MetalPerformanceShaders.framework/Frameworks/MPSCore.framework/Versions/A/MPSCore
0x00007fff3a688000 	/System/Library/Frameworks/MetalPerformanceShaders.framework/Frameworks/MPSImage.framework/Versions/A/MPSImage
0x00007fff3a72d000 	/System/Library/Frameworks/MetalPerformanceShaders.framework/Frameworks/MPSNeuralNetwork.framework/Versions/A/MPSNeuralNetwork
0x00007fff3a705000 	/System/Library/Frameworks/MetalPerformanceShaders.framework/Frameworks/MPSMatrix.framework/Versions/A/MPSMatrix
0x00007fff3a859000 	/System/Library/Frameworks/MetalPerformanceShaders.framework/Frameworks/MPSRayIntersector.framework/Versions/A/MPSRayIntersector
0x00007fff542a4000 	/System/Library/PrivateFrameworks/MetalTools.framework/Versions/A/MetalTools
0x00007fff4542b000 	/System/Library/PrivateFrameworks/AggregateDictionary.framework/Versions/A/AggregateDictionary
0x00007fff5e7eb000 	/usr/lib/libMobileGestalt.dylib
0x00007fff3778f000 	/System/Library/Frameworks/CoreVideo.framework/Versions/A/CoreVideo
0x00007fff518e7000 	/System/Library/PrivateFrameworks/GraphVisualizer.framework/Versions/A/GraphVisualizer
0x00007fff4b767000 	/System/Library/PrivateFrameworks/FaceCore.framework/Versions/A/FaceCore
0x00007fff3e116000 	/System/Library/Frameworks/OpenCL.framework/Versions/A/OpenCL
0x00007fff5e543000 	/usr/lib/libFosl_dynamic.dylib
0x00007fff55053000 	/System/Library/PrivateFrameworks/OTSVG.framework/Versions/A/OTSVG
0x00007fff33fb0000 	/System/Library/Frameworks/ApplicationServices.framework/Versions/A/Frameworks/ATS.framework/Versions/A/Resources/libFontParser.dylib
0x00007fff340c8000 	/System/Library/Frameworks/ApplicationServices.framework/Versions/A/Frameworks/ATS.framework/Versions/A/Resources/libFontRegistry.dylib
0x00007fff38699000 	/System/Library/Frameworks/ImageIO.framework/Versions/A/Resources/libJPEG.dylib
0x00007fff389ab000 	/System/Library/Frameworks/ImageIO.framework/Versions/A/Resources/libTIFF.dylib
0x00007fff38981000 	/System/Library/Frameworks/ImageIO.framework/Versions/A/Resources/libPng.dylib
0x00007fff385b7000 	/System/Library/Frameworks/ImageIO.framework/Versions/A/Resources/libGIF.dylib
0x00007fff385bc000 	/System/Library/Frameworks/ImageIO.framework/Versions/A/Resources/libJP2.dylib
0x00007fff389a8000 	/System/Library/Frameworks/ImageIO.framework/Versions/A/Resources/libRadiance.dylib
0x00007fff45cd5000 	/System/Library/PrivateFrameworks/AppleJPEG.framework/Versions/A/AppleJPEG
0x00007fff3eaf3000 	/System/Library/Frameworks/OpenGL.framework/Versions/A/Libraries/libGFXShared.dylib
0x00007fff3ecb6000 	/System/Library/Frameworks/OpenGL.framework/Versions/A/Libraries/libGLU.dylib
0x00007fff3eafc000 	/System/Library/Frameworks/OpenGL.framework/Versions/A/Libraries/libGL.dylib
0x00007fff3eb08000 	/System/Library/Frameworks/OpenGL.framework/Versions/A/Libraries/libGLImage.dylib
0x00007fff3eae5000 	/System/Library/Frameworks/OpenGL.framework/Versions/A/Libraries/libCVMSPluginSupport.dylib
0x00007fff3eaee000 	/System/Library/Frameworks/OpenGL.framework/Versions/A/Libraries/libCoreVMClient.dylib
0x00007fff5f35a000 	/usr/lib/libcups.2.dylib
0x00007fff39b6f000 	/System/Library/Frameworks/Kerberos.framework/Versions/A/Kerberos
0x00007fff3809c000 	/System/Library/Frameworks/GSS.framework/Versions/A/GSS
0x00007fff60a6d000 	/usr/lib/libresolv.9.dylib
0x00007fff5f54c000 	/usr/lib/libiconv.2.dylib
0x00007fff51a46000 	/System/Library/PrivateFrameworks/Heimdal.framework/Versions/A/Heimdal
0x00007fff5f51c000 	/usr/lib/libheimdal-asn1.dylib
0x00007fff3e18a000 	/System/Library/Frameworks/OpenDirectory.framework/Versions/A/OpenDirectory
0x00007fff484fa000 	/System/Library/PrivateFrameworks/CommonAuth.framework/Versions/A/CommonAuth
0x00007fff3e16e000 	/System/Library/Frameworks/OpenDirectory.framework/Versions/A/Frameworks/CFOpenDirectory.framework/Versions/A/CFOpenDirectory
0x00007fff4122e000 	/System/Library/Frameworks/SecurityFoundation.framework/Versions/A/SecurityFoundation
0x00007fff44974000 	/System/Library/PrivateFrameworks/APFS.framework/Versions/A/APFS
0x00007fff60ece000 	/usr/lib/libutil.dylib
0x00007fff5ebf7000 	/usr/lib/libcharset.1.dylib
0x00007fff45f72000 	/System/Library/PrivateFrameworks/AppleSauce.framework/Versions/A/AppleSauce
0x00007fff460f3000 	/System/Library/PrivateFrameworks/AssertionServices.framework/Versions/A/AssertionServices
0x00007fff46823000 	/System/Library/PrivateFrameworks/BaseBoard.framework/Versions/A/BaseBoard
0x00007fff5f91d000 	/usr/lib/libmecab.1.0.0.dylib
0x00007fff5f516000 	/usr/lib/libgermantok.dylib
0x00007fff5e9c7000 	/usr/lib/libThaiTokenizer.dylib
0x00007fff5e473000 	/usr/lib/libChineseTokenizer.dylib
0x00007fff53462000 	/System/Library/PrivateFrameworks/LanguageModeling.framework/Versions/A/LanguageModeling
0x00007fff491db000 	/System/Library/PrivateFrameworks/CoreEmoji.framework/Versions/A/CoreEmoji
0x00007fff5353e000 	/System/Library/PrivateFrameworks/Lexicon.framework/Versions/A/Lexicon
0x00007fff53581000 	/System/Library/PrivateFrameworks/LinguisticData.framework/Versions/A/LinguisticData
0x00007fff5ebf8000 	/usr/lib/libcmph.dylib
0x00007fff412ec000 	/System/Library/Frameworks/ServiceManagement.framework/Versions/A/ServiceManagement
0x00007fff46784000 	/System/Library/PrivateFrameworks/BackgroundTaskManagement.framework/Versions/A/BackgroundTaskManagement
0x00007fff60fc7000 	/usr/lib/libxslt.1.dylib
0x00007fff3501b000 	/System/Library/Frameworks/Carbon.framework/Versions/A/Frameworks/Ink.framework/Versions/A/Ink
0x00007fff5c505000 	/System/Library/PrivateFrameworks/TextureIO.framework/Versions/A/TextureIO
0x00007fff5ea1b000 	/usr/lib/libate.dylib
0x00007fff4a4ba000 	/System/Library/PrivateFrameworks/CrashReporterSupport.framework/Versions/A/CrashReporterSupport
0x00007fff59c44000 	/System/Library/PrivateFrameworks/Sharing.framework/Versions/A/Sharing
0x00007fff464d6000 	/System/Library/PrivateFrameworks/AuthKit.framework/Versions/A/AuthKit
0x00007fff45a2a000 	/System/Library/PrivateFrameworks/Apple80211.framework/Versions/A/Apple80211
0x00007fff4a264000 	/System/Library/PrivateFrameworks/CoreUtils.framework/Versions/A/CoreUtils
0x00007fff377cf000 	/System/Library/Frameworks/CoreWLAN.framework/Versions/A/CoreWLAN
0x00007fff381cb000 	/System/Library/Frameworks/IOBluetooth.framework/Versions/A/IOBluetooth
0x00007fff580c8000 	/System/Library/PrivateFrameworks/ProtocolBuffer.framework/Versions/A/ProtocolBuffer
0x00007fff544de000 	/System/Library/PrivateFrameworks/MobileKeyBag.framework/Versions/A/MobileKeyBag
0x00007fff49aa8000 	/System/Library/PrivateFrameworks/CorePhoneNumbers.framework/Versions/A/CorePhoneNumbers
0x00007fff45c89000 	/System/Library/PrivateFrameworks/AppleIDAuthSupport.framework/Versions/A/AppleIDAuthSupport
0x00007fff53435000 	/System/Library/PrivateFrameworks/KeychainCircle.framework/Versions/A/KeychainCircle
0x00007fff5827e000 	/System/Library/PrivateFrameworks/ROCKit.framework/Versions/A/ROCKit
0x00007fff4a456000 	/System/Library/PrivateFrameworks/CoreWiFi.framework/Versions/A/CoreWiFi
0x00007fff35566000 	/System/Library/Frameworks/CoreBluetooth.framework/Versions/A/CoreBluetooth
0x00007fff4a6b1000 	/System/Library/PrivateFrameworks/DebugSymbols.framework/Versions/A/DebugSymbols
0x00007fff4a024000 	/System/Library/PrivateFrameworks/CoreSymbolication.framework/Versions/A/CoreSymbolication
0x00007fff5bd20000 	/System/Library/PrivateFrameworks/Symbolication.framework/Versions/A/Symbolication
0x00007fff5b5c3000 	/System/Library/PrivateFrameworks/SpeechRecognitionCore.framework/Versions/A/SpeechRecognitionCore
0x000000010ce00000 	/Library/Java/JavaVirtualMachines/jdk-11.0.2.jdk/Contents/Home/lib/server/libjvm.dylib
0x000000010c46f000 	/Library/Java/JavaVirtualMachines/jdk-11.0.2.jdk/Contents/Home/lib/libverify.dylib
0x000000010c47b000 	/Library/Java/JavaVirtualMachines/jdk-11.0.2.jdk/Contents/Home/lib/libjava.dylib
0x000000010c509000 	/Library/Java/JavaVirtualMachines/jdk-11.0.2.jdk/Contents/Home/lib/libzip.dylib
0x000000010c511000 	/Library/Java/JavaVirtualMachines/jdk-11.0.2.jdk/Contents/Home/lib/libjimage.dylib
0x000000010c5f2000 	/Library/Java/JavaVirtualMachines/jdk-11.0.2.jdk/Contents/Home/lib/libnio.dylib
0x000000010e632000 	/Library/Java/JavaVirtualMachines/jdk-11.0.2.jdk/Contents/Home/lib/./libnet.dylib
0x000000010c5b9000 	/Users/sigridnarep/.gradle/native/30/osx-amd64/libnative-platform.dylib
0x000000010c4b3000 	/Library/Java/JavaVirtualMachines/jdk-11.0.2.jdk/Contents/Home/lib/libmanagement.dylib
0x000000010c5c0000 	/Library/Java/JavaVirtualMachines/jdk-11.0.2.jdk/Contents/Home/lib/libmanagement_ext.dylib
0x000000010c4b8000 	/Library/Java/JavaVirtualMachines/jdk-11.0.2.jdk/Contents/Home/lib/libextnet.dylib
0x00000001295f5000 	/Library/Java/JavaVirtualMachines/jdk-11.0.2.jdk/Contents/Home/lib/libsunec.dylib


VM Arguments:
jvm_args: --add-opens=java.base/java.util=ALL-UNNAMED --add-opens=java.base/java.lang=ALL-UNNAMED --add-opens=java.base/java.lang.invoke=ALL-UNNAMED --add-opens=java.prefs/java.util.prefs=ALL-UNNAMED -XX:MaxMetaspaceSize=256m -XX:+HeapDumpOnOutOfMemoryError -Xms256m -Xmx512m -Dfile.encoding=UTF-8 -Duser.country=GB -Duser.language=en -Duser.variant 
java_command: org.gradle.launcher.daemon.bootstrap.GradleDaemon 5.6.1
java_class_path (initial): /Users/sigridnarep/.gradle/wrapper/dists/gradle-5.6.1-bin/bycvpp2xqg8wbfxm5cc0t3675/gradle-5.6.1/lib/gradle-launcher-5.6.1.jar
Launcher Type: SUN_STANDARD

[Global flags]
     intx CICompilerCount                          = 3                                         {product} {ergonomic}
   size_t CompressedClassSpaceSize                 = 260046848                                 {product} {ergonomic}
     uint ConcGCThreads                            = 1                                         {product} {ergonomic}
     uint G1ConcRefinementThreads                  = 4                                         {product} {ergonomic}
   size_t G1HeapRegionSize                         = 1048576                                   {product} {ergonomic}
    uintx GCDrainStackTargetSize                   = 64                                        {product} {ergonomic}
     bool HeapDumpOnOutOfMemoryError               = true                                   {manageable} {command line}
   size_t InitialHeapSize                          = 268435456                                 {product} {command line}
   size_t MarkStackSize                            = 4194304                                   {product} {ergonomic}
   size_t MaxHeapSize                              = 536870912                                 {product} {command line}
   size_t MaxMetaspaceSize                         = 268435456                                 {product} {command line}
   size_t MaxNewSize                               = 321912832                                 {product} {ergonomic}
   size_t MinHeapDeltaBytes                        = 1048576                                   {product} {ergonomic}
    uintx NonNMethodCodeHeapSize                   = 5830092                                {pd product} {ergonomic}
    uintx NonProfiledCodeHeapSize                  = 122914074                              {pd product} {ergonomic}
    uintx ProfiledCodeHeapSize                     = 122914074                              {pd product} {ergonomic}
    uintx ReservedCodeCacheSize                    = 251658240                              {pd product} {ergonomic}
     bool SegmentedCodeCache                       = true                                      {product} {ergonomic}
     bool UseCompressedClassPointers               = true                                 {lp64_product} {ergonomic}
     bool UseCompressedOops                        = true                                 {lp64_product} {ergonomic}
     bool UseG1GC                                  = true                                      {product} {ergonomic}

Logging:
Log output configuration:
 #0: stdout all=warning uptime,level,tags
 #1: stderr all=off uptime,level,tags

Environment Variables:
PATH=/usr/local/bin:/usr/bin:/bin:/usr/sbin:/sbin:/usr/local/share/dotnet:~/.dotnet/tools:/Library/Frameworks/Mono.framework/Versions/Current/Commands
SHELL=/bin/bash

Signal Handlers:
SIGSEGV: [libjvm.dylib+0x740190], sa_mask[0]=11111111011111110111111111111111, sa_flags=SA_ONSTACK|SA_RESTART|SA_SIGINFO
SIGBUS: [libjvm.dylib+0x740190], sa_mask[0]=11111111011111110111111111111111, sa_flags=SA_RESTART|SA_SIGINFO
SIGFPE: [libjvm.dylib+0x740190], sa_mask[0]=11111111011111110111111111111111, sa_flags=SA_RESTART|SA_SIGINFO
SIGPIPE: [libjvm.dylib+0x5f2e42], sa_mask[0]=11111111011111110111111111111111, sa_flags=SA_RESTART|SA_SIGINFO
SIGXFSZ: [libjvm.dylib+0x5f2e42], sa_mask[0]=11111111011111110111111111111111, sa_flags=SA_RESTART|SA_SIGINFO
SIGILL: [libjvm.dylib+0x740190], sa_mask[0]=11111111011111110111111111111111, sa_flags=SA_RESTART|SA_SIGINFO
SIGUSR2: [libjvm.dylib+0x5f3427], sa_mask[0]=00100000000000000000000000000000, sa_flags=SA_RESTART|SA_SIGINFO
SIGHUP: [libjvm.dylib+0x5f1e83], sa_mask[0]=11111111011111110111111111111111, sa_flags=SA_RESTART|SA_SIGINFO
SIGINT: [libjvm.dylib+0x5f1e83], sa_mask[0]=11111111011111110111111111111111, sa_flags=SA_RESTART|SA_SIGINFO
SIGTERM: [libjvm.dylib+0x5f1e83], sa_mask[0]=11111111011111110111111111111111, sa_flags=SA_RESTART|SA_SIGINFO
SIGQUIT: [libjvm.dylib+0x5f1e83], sa_mask[0]=11111111011111110111111111111111, sa_flags=SA_RESTART|SA_SIGINFO


---------------  S Y S T E M  ---------------

OS:uname:Darwin 18.6.0 Darwin Kernel Version 18.6.0: Thu Apr 25 23:16:27 PDT 2019; root:xnu-4903.261.4~2/RELEASE_X86_64 x86_64
rlimit: STACK 8192k, CORE 0k, NPROC 709, NOFILE 10240, AS infinity, DATA infinity, FSIZE infinity
load average:4.31 3.12 2.11

CPU:total 4 (initial active 4) (2 cores per cpu, 2 threads per core) family 6 model 69 stepping 1, cmov, cx8, fxsr, mmx, sse, sse2, sse3, ssse3, sse4.1, sse4.2, popcnt, avx, avx2, aes, clmul, erms, lzcnt, ht, tsc, tscinvbit, bmi1, bmi2, fma

Memory: 4k page, physical 8388608k(54272k free)

vm_info: Java HotSpot(TM) 64-Bit Server VM (11.0.2+9-LTS) for bsd-amd64 JRE (11.0.2+9-LTS), built on Jan 18 2019 08:16:46 by "mach5one" with gcc 4.2.1 Compatible Apple LLVM 9.1.0 (clang-902.0.39.2)

END.
